<?xml version="1.0" encoding="UTF-8"?>
<testsuite name="com.fastoffer.backend.BackendApplicationTests" tests="1" skipped="0" failures="1" errors="0" timestamp="2021-03-23T23:52:39" hostname="MBP" time="0.002">
  <properties/>
  <testcase name="contextLoads()" classname="com.fastoffer.backend.BackendApplicationTests" time="0.002">
    <failure message="java.lang.IllegalStateException: Failed to load ApplicationContext" type="java.lang.IllegalStateException">java.lang.IllegalStateException: Failed to load ApplicationContext
	at org.springframework.test.context.cache.DefaultCacheAwareContextLoaderDelegate.loadContext(DefaultCacheAwareContextLoaderDelegate.java:132)
	at org.springframework.test.context.support.DefaultTestContext.getApplicationContext(DefaultTestContext.java:124)
	at org.springframework.test.context.web.ServletTestExecutionListener.setUpRequestContextIfNecessary(ServletTestExecutionListener.java:190)
	at org.springframework.test.context.web.ServletTestExecutionListener.prepareTestInstance(ServletTestExecutionListener.java:132)
	at org.springframework.test.context.TestContextManager.prepareTestInstance(TestContextManager.java:244)
	at org.springframework.test.context.junit.jupiter.SpringExtension.postProcessTestInstance(SpringExtension.java:138)
	at org.junit.jupiter.engine.descriptor.ClassBasedTestDescriptor.lambda$invokeTestInstancePostProcessors$6(ClassBasedTestDescriptor.java:350)
	at org.junit.jupiter.engine.descriptor.ClassBasedTestDescriptor.executeAndMaskThrowable(ClassBasedTestDescriptor.java:355)
	at org.junit.jupiter.engine.descriptor.ClassBasedTestDescriptor.lambda$invokeTestInstancePostProcessors$7(ClassBasedTestDescriptor.java:350)
	at java.base/java.util.stream.ReferencePipeline$3$1.accept(ReferencePipeline.java:195)
	at java.base/java.util.stream.ReferencePipeline$2$1.accept(ReferencePipeline.java:177)
	at java.base/java.util.ArrayList$ArrayListSpliterator.forEachRemaining(ArrayList.java:1655)
	at java.base/java.util.stream.AbstractPipeline.copyInto(AbstractPipeline.java:484)
	at java.base/java.util.stream.AbstractPipeline.wrapAndCopyInto(AbstractPipeline.java:474)
	at java.base/java.util.stream.StreamSpliterators$WrappingSpliterator.forEachRemaining(StreamSpliterators.java:312)
	at java.base/java.util.stream.Streams$ConcatSpliterator.forEachRemaining(Streams.java:735)
	at java.base/java.util.stream.Streams$ConcatSpliterator.forEachRemaining(Streams.java:734)
	at java.base/java.util.stream.ReferencePipeline$Head.forEach(ReferencePipeline.java:658)
	at org.junit.jupiter.engine.descriptor.ClassBasedTestDescriptor.invokeTestInstancePostProcessors(ClassBasedTestDescriptor.java:349)
	at org.junit.jupiter.engine.descriptor.ClassBasedTestDescriptor.lambda$instantiateAndPostProcessTestInstance$4(ClassBasedTestDescriptor.java:270)
	at org.junit.platform.engine.support.hierarchical.ThrowableCollector.execute(ThrowableCollector.java:73)
	at org.junit.jupiter.engine.descriptor.ClassBasedTestDescriptor.instantiateAndPostProcessTestInstance(ClassBasedTestDescriptor.java:269)
	at org.junit.jupiter.engine.descriptor.ClassBasedTestDescriptor.lambda$testInstancesProvider$2(ClassBasedTestDescriptor.java:259)
	at java.base/java.util.Optional.orElseGet(Optional.java:369)
	at org.junit.jupiter.engine.descriptor.ClassBasedTestDescriptor.lambda$testInstancesProvider$3(ClassBasedTestDescriptor.java:258)
	at org.junit.jupiter.engine.execution.TestInstancesProvider.getTestInstances(TestInstancesProvider.java:31)
	at org.junit.jupiter.engine.descriptor.TestMethodTestDescriptor.lambda$prepare$0(TestMethodTestDescriptor.java:101)
	at org.junit.platform.engine.support.hierarchical.ThrowableCollector.execute(ThrowableCollector.java:73)
	at org.junit.jupiter.engine.descriptor.TestMethodTestDescriptor.prepare(TestMethodTestDescriptor.java:100)
	at org.junit.jupiter.engine.descriptor.TestMethodTestDescriptor.prepare(TestMethodTestDescriptor.java:65)
	at org.junit.platform.engine.support.hierarchical.NodeTestTask.lambda$prepare$1(NodeTestTask.java:111)
	at org.junit.platform.engine.support.hierarchical.ThrowableCollector.execute(ThrowableCollector.java:73)
	at org.junit.platform.engine.support.hierarchical.NodeTestTask.prepare(NodeTestTask.java:111)
	at org.junit.platform.engine.support.hierarchical.NodeTestTask.execute(NodeTestTask.java:79)
	at java.base/java.util.ArrayList.forEach(ArrayList.java:1541)
	at org.junit.platform.engine.support.hierarchical.SameThreadHierarchicalTestExecutorService.invokeAll(SameThreadHierarchicalTestExecutorService.java:38)
	at org.junit.platform.engine.support.hierarchical.NodeTestTask.lambda$executeRecursively$5(NodeTestTask.java:143)
	at org.junit.platform.engine.support.hierarchical.ThrowableCollector.execute(ThrowableCollector.java:73)
	at org.junit.platform.engine.support.hierarchical.NodeTestTask.lambda$executeRecursively$7(NodeTestTask.java:129)
	at org.junit.platform.engine.support.hierarchical.Node.around(Node.java:137)
	at org.junit.platform.engine.support.hierarchical.NodeTestTask.lambda$executeRecursively$8(NodeTestTask.java:127)
	at org.junit.platform.engine.support.hierarchical.ThrowableCollector.execute(ThrowableCollector.java:73)
	at org.junit.platform.engine.support.hierarchical.NodeTestTask.executeRecursively(NodeTestTask.java:126)
	at org.junit.platform.engine.support.hierarchical.NodeTestTask.execute(NodeTestTask.java:84)
	at java.base/java.util.ArrayList.forEach(ArrayList.java:1541)
	at org.junit.platform.engine.support.hierarchical.SameThreadHierarchicalTestExecutorService.invokeAll(SameThreadHierarchicalTestExecutorService.java:38)
	at org.junit.platform.engine.support.hierarchical.NodeTestTask.lambda$executeRecursively$5(NodeTestTask.java:143)
	at org.junit.platform.engine.support.hierarchical.ThrowableCollector.execute(ThrowableCollector.java:73)
	at org.junit.platform.engine.support.hierarchical.NodeTestTask.lambda$executeRecursively$7(NodeTestTask.java:129)
	at org.junit.platform.engine.support.hierarchical.Node.around(Node.java:137)
	at org.junit.platform.engine.support.hierarchical.NodeTestTask.lambda$executeRecursively$8(NodeTestTask.java:127)
	at org.junit.platform.engine.support.hierarchical.ThrowableCollector.execute(ThrowableCollector.java:73)
	at org.junit.platform.engine.support.hierarchical.NodeTestTask.executeRecursively(NodeTestTask.java:126)
	at org.junit.platform.engine.support.hierarchical.NodeTestTask.execute(NodeTestTask.java:84)
	at org.junit.platform.engine.support.hierarchical.SameThreadHierarchicalTestExecutorService.submit(SameThreadHierarchicalTestExecutorService.java:32)
	at org.junit.platform.engine.support.hierarchical.HierarchicalTestExecutor.execute(HierarchicalTestExecutor.java:57)
	at org.junit.platform.engine.support.hierarchical.HierarchicalTestEngine.execute(HierarchicalTestEngine.java:51)
	at org.junit.platform.launcher.core.DefaultLauncher.execute(DefaultLauncher.java:248)
	at org.junit.platform.launcher.core.DefaultLauncher.lambda$execute$5(DefaultLauncher.java:211)
	at org.junit.platform.launcher.core.DefaultLauncher.withInterceptedStreams(DefaultLauncher.java:226)
	at org.junit.platform.launcher.core.DefaultLauncher.execute(DefaultLauncher.java:199)
	at org.junit.platform.launcher.core.DefaultLauncher.execute(DefaultLauncher.java:132)
	at org.gradle.api.internal.tasks.testing.junitplatform.JUnitPlatformTestClassProcessor$CollectAllTestClassesExecutor.processAllTestClasses(JUnitPlatformTestClassProcessor.java:99)
	at org.gradle.api.internal.tasks.testing.junitplatform.JUnitPlatformTestClassProcessor$CollectAllTestClassesExecutor.access$000(JUnitPlatformTestClassProcessor.java:79)
	at org.gradle.api.internal.tasks.testing.junitplatform.JUnitPlatformTestClassProcessor.stop(JUnitPlatformTestClassProcessor.java:75)
	at org.gradle.api.internal.tasks.testing.SuiteTestClassProcessor.stop(SuiteTestClassProcessor.java:61)
	at java.base/jdk.internal.reflect.NativeMethodAccessorImpl.invoke0(Native Method)
	at java.base/jdk.internal.reflect.NativeMethodAccessorImpl.invoke(NativeMethodAccessorImpl.java:62)
	at java.base/jdk.internal.reflect.DelegatingMethodAccessorImpl.invoke(DelegatingMethodAccessorImpl.java:43)
	at java.base/java.lang.reflect.Method.invoke(Method.java:566)
	at org.gradle.internal.dispatch.ReflectionDispatch.dispatch(ReflectionDispatch.java:36)
	at org.gradle.internal.dispatch.ReflectionDispatch.dispatch(ReflectionDispatch.java:24)
	at org.gradle.internal.dispatch.ContextClassLoaderDispatch.dispatch(ContextClassLoaderDispatch.java:33)
	at org.gradle.internal.dispatch.ProxyDispatchAdapter$DispatchingInvocationHandler.invoke(ProxyDispatchAdapter.java:94)
	at com.sun.proxy.$Proxy2.stop(Unknown Source)
	at org.gradle.api.internal.tasks.testing.worker.TestWorker.stop(TestWorker.java:133)
	at java.base/jdk.internal.reflect.NativeMethodAccessorImpl.invoke0(Native Method)
	at java.base/jdk.internal.reflect.NativeMethodAccessorImpl.invoke(NativeMethodAccessorImpl.java:62)
	at java.base/jdk.internal.reflect.DelegatingMethodAccessorImpl.invoke(DelegatingMethodAccessorImpl.java:43)
	at java.base/java.lang.reflect.Method.invoke(Method.java:566)
	at org.gradle.internal.dispatch.ReflectionDispatch.dispatch(ReflectionDispatch.java:36)
	at org.gradle.internal.dispatch.ReflectionDispatch.dispatch(ReflectionDispatch.java:24)
	at org.gradle.internal.remote.internal.hub.MessageHubBackedObjectConnection$DispatchWrapper.dispatch(MessageHubBackedObjectConnection.java:182)
	at org.gradle.internal.remote.internal.hub.MessageHubBackedObjectConnection$DispatchWrapper.dispatch(MessageHubBackedObjectConnection.java:164)
	at org.gradle.internal.remote.internal.hub.MessageHub$Handler.run(MessageHub.java:414)
	at org.gradle.internal.concurrent.ExecutorPolicy$CatchAndRecordFailures.onExecute(ExecutorPolicy.java:64)
	at org.gradle.internal.concurrent.ManagedExecutorImpl$1.run(ManagedExecutorImpl.java:48)
	at java.base/java.util.concurrent.ThreadPoolExecutor.runWorker(ThreadPoolExecutor.java:1128)
	at java.base/java.util.concurrent.ThreadPoolExecutor$Worker.run(ThreadPoolExecutor.java:628)
	at org.gradle.internal.concurrent.ThreadFactoryImpl$ManagedThreadRunnable.run(ThreadFactoryImpl.java:56)
	at java.base/java.lang.Thread.run(Thread.java:834)
Caused by: org.springframework.beans.factory.BeanCreationException: Error creating bean with name 'flywayInitializer' defined in class path resource [org/springframework/boot/autoconfigure/flyway/FlywayAutoConfiguration$FlywayConfiguration.class]: Invocation of init method failed; nested exception is org.flywaydb.core.internal.command.DbMigrate$FlywayMigrateException: 
Migration V1.4__CREATE_TABLES_FOR_QUESTION.sql failed
-----------------------------------------------------
SQL State  : 42001
Error Code : 42001
Message    : Syntax error in SQL statement &quot;CREATE TABLE PUBLIC.QUESTION
(
    ID UUID PRIMARY KEY,
    NAME CHARACTER VARYING COLLATE[*] PG_CATALOG.&quot;&quot;default&quot;&quot; NOT NULL,
    TITLE CHARACTER VARYING(500) COLLATE PG_CATALOG.&quot;&quot;default&quot;&quot; NOT NULL,
    OPTIONA CHARACTER VARYING(500) COLLATE PG_CATALOG.&quot;&quot;default&quot;&quot; NOT NULL,
    OPTIONB CHARACTER VARYING(500) COLLATE PG_CATALOG.&quot;&quot;default&quot;&quot; NOT NULL,
    OPTIONC CHARACTER VARYING(500) COLLATE PG_CATALOG.&quot;&quot;default&quot;&quot; NOT NULL,
    OPTIOND CHARACTER VARYING(500) COLLATE PG_CATALOG.&quot;&quot;default&quot;&quot; NOT NULL,
    CORRECT_OPTION CHARACTER VARYING(10) COLLATE PG_CATALOG.&quot;&quot;default&quot;&quot; NOT NULL,
    EXPLANATION CHARACTER VARYING(500) COLLATE PG_CATALOG.&quot;&quot;default&quot;&quot; NOT NULL,
    CATEGORY CHARACTER VARYING(50) COLLATE PG_CATALOG.&quot;&quot;default&quot;&quot; NOT NULL

)&quot;; expected &quot;(, FOR, UNSIGNED, INVISIBLE, VISIBLE, NOT, NULL, AS, DEFAULT, GENERATED, ON, NOT, NULL, AUTO_INCREMENT, BIGSERIAL, SERIAL, IDENTITY, NULL_TO_DEFAULT, SEQUENCE, SELECTIVITY, COMMENT, CONSTRAINT, PRIMARY, UNIQUE, NOT, NULL, COMMENT, CHECK, REFERENCES, ,, )&quot;; SQL statement:
CREATE TABLE public.question
(
    id UUID primary key,
    name character varying COLLATE pg_catalog.&quot;default&quot; NOT NULL,
    title character varying(500) COLLATE pg_catalog.&quot;default&quot; NOT NULL,
    OptionA character varying(500) COLLATE pg_catalog.&quot;default&quot; NOT NULL,
    OptionB character varying(500) COLLATE pg_catalog.&quot;default&quot; NOT NULL,
    OptionC character varying(500) COLLATE pg_catalog.&quot;default&quot; NOT NULL,
    OptionD character varying(500) COLLATE pg_catalog.&quot;default&quot; NOT NULL,
    correct_option character varying(10) COLLATE pg_catalog.&quot;default&quot; NOT NULL,
    explanation character varying(500) COLLATE pg_catalog.&quot;default&quot; NOT NULL,
    category character varying(50) COLLATE pg_catalog.&quot;default&quot; NOT NULL

) [42001-200]
Location   : db/migration/V1.4__CREATE_TABLES_FOR_QUESTION.sql (/Users/elton/Downloads/webFullStack/project3/online_backend/redo_API_OA_60/build/resources/main/db/migration/V1.4__CREATE_TABLES_FOR_QUESTION.sql)
Line       : 2
Statement  : CREATE TABLE public.question
(
    id UUID primary key,
    name character varying COLLATE pg_catalog.&quot;default&quot; NOT NULL,
    title character varying(500) COLLATE pg_catalog.&quot;default&quot; NOT NULL,
    OptionA character varying(500) COLLATE pg_catalog.&quot;default&quot; NOT NULL,
    OptionB character varying(500) COLLATE pg_catalog.&quot;default&quot; NOT NULL,
    OptionC character varying(500) COLLATE pg_catalog.&quot;default&quot; NOT NULL,
    OptionD character varying(500) COLLATE pg_catalog.&quot;default&quot; NOT NULL,
    correct_option character varying(10) COLLATE pg_catalog.&quot;default&quot; NOT NULL,
    explanation character varying(500) COLLATE pg_catalog.&quot;default&quot; NOT NULL,
    category character varying(50) COLLATE pg_catalog.&quot;default&quot; NOT NULL

)

	at org.springframework.beans.factory.support.AbstractAutowireCapableBeanFactory.initializeBean(AbstractAutowireCapableBeanFactory.java:1786)
	at org.springframework.beans.factory.support.AbstractAutowireCapableBeanFactory.doCreateBean(AbstractAutowireCapableBeanFactory.java:602)
	at org.springframework.beans.factory.support.AbstractAutowireCapableBeanFactory.createBean(AbstractAutowireCapableBeanFactory.java:524)
	at org.springframework.beans.factory.support.AbstractBeanFactory.lambda$doGetBean$0(AbstractBeanFactory.java:335)
	at org.springframework.beans.factory.support.DefaultSingletonBeanRegistry.getSingleton(DefaultSingletonBeanRegistry.java:234)
	at org.springframework.beans.factory.support.AbstractBeanFactory.doGetBean(AbstractBeanFactory.java:333)
	at org.springframework.beans.factory.support.AbstractBeanFactory.getBean(AbstractBeanFactory.java:208)
	at org.springframework.beans.factory.support.AbstractBeanFactory.doGetBean(AbstractBeanFactory.java:322)
	at org.springframework.beans.factory.support.AbstractBeanFactory.getBean(AbstractBeanFactory.java:208)
	at org.springframework.context.support.AbstractApplicationContext.getBean(AbstractApplicationContext.java:1153)
	at org.springframework.context.support.AbstractApplicationContext.finishBeanFactoryInitialization(AbstractApplicationContext.java:907)
	at org.springframework.context.support.AbstractApplicationContext.refresh(AbstractApplicationContext.java:582)
	at org.springframework.boot.SpringApplication.refresh(SpringApplication.java:767)
	at org.springframework.boot.SpringApplication.refresh(SpringApplication.java:759)
	at org.springframework.boot.SpringApplication.refreshContext(SpringApplication.java:426)
	at org.springframework.boot.SpringApplication.run(SpringApplication.java:326)
	at org.springframework.boot.test.context.SpringBootContextLoader.loadContext(SpringBootContextLoader.java:123)
	at org.springframework.test.context.cache.DefaultCacheAwareContextLoaderDelegate.loadContextInternal(DefaultCacheAwareContextLoaderDelegate.java:99)
	at org.springframework.test.context.cache.DefaultCacheAwareContextLoaderDelegate.loadContext(DefaultCacheAwareContextLoaderDelegate.java:124)
	... 90 more
Caused by: org.flywaydb.core.internal.command.DbMigrate$FlywayMigrateException: 
Migration V1.4__CREATE_TABLES_FOR_QUESTION.sql failed
-----------------------------------------------------
SQL State  : 42001
Error Code : 42001
Message    : Syntax error in SQL statement &quot;CREATE TABLE PUBLIC.QUESTION
(
    ID UUID PRIMARY KEY,
    NAME CHARACTER VARYING COLLATE[*] PG_CATALOG.&quot;&quot;default&quot;&quot; NOT NULL,
    TITLE CHARACTER VARYING(500) COLLATE PG_CATALOG.&quot;&quot;default&quot;&quot; NOT NULL,
    OPTIONA CHARACTER VARYING(500) COLLATE PG_CATALOG.&quot;&quot;default&quot;&quot; NOT NULL,
    OPTIONB CHARACTER VARYING(500) COLLATE PG_CATALOG.&quot;&quot;default&quot;&quot; NOT NULL,
    OPTIONC CHARACTER VARYING(500) COLLATE PG_CATALOG.&quot;&quot;default&quot;&quot; NOT NULL,
    OPTIOND CHARACTER VARYING(500) COLLATE PG_CATALOG.&quot;&quot;default&quot;&quot; NOT NULL,
    CORRECT_OPTION CHARACTER VARYING(10) COLLATE PG_CATALOG.&quot;&quot;default&quot;&quot; NOT NULL,
    EXPLANATION CHARACTER VARYING(500) COLLATE PG_CATALOG.&quot;&quot;default&quot;&quot; NOT NULL,
    CATEGORY CHARACTER VARYING(50) COLLATE PG_CATALOG.&quot;&quot;default&quot;&quot; NOT NULL

)&quot;; expected &quot;(, FOR, UNSIGNED, INVISIBLE, VISIBLE, NOT, NULL, AS, DEFAULT, GENERATED, ON, NOT, NULL, AUTO_INCREMENT, BIGSERIAL, SERIAL, IDENTITY, NULL_TO_DEFAULT, SEQUENCE, SELECTIVITY, COMMENT, CONSTRAINT, PRIMARY, UNIQUE, NOT, NULL, COMMENT, CHECK, REFERENCES, ,, )&quot;; SQL statement:
CREATE TABLE public.question
(
    id UUID primary key,
    name character varying COLLATE pg_catalog.&quot;default&quot; NOT NULL,
    title character varying(500) COLLATE pg_catalog.&quot;default&quot; NOT NULL,
    OptionA character varying(500) COLLATE pg_catalog.&quot;default&quot; NOT NULL,
    OptionB character varying(500) COLLATE pg_catalog.&quot;default&quot; NOT NULL,
    OptionC character varying(500) COLLATE pg_catalog.&quot;default&quot; NOT NULL,
    OptionD character varying(500) COLLATE pg_catalog.&quot;default&quot; NOT NULL,
    correct_option character varying(10) COLLATE pg_catalog.&quot;default&quot; NOT NULL,
    explanation character varying(500) COLLATE pg_catalog.&quot;default&quot; NOT NULL,
    category character varying(50) COLLATE pg_catalog.&quot;default&quot; NOT NULL

) [42001-200]
Location   : db/migration/V1.4__CREATE_TABLES_FOR_QUESTION.sql (/Users/elton/Downloads/webFullStack/project3/online_backend/redo_API_OA_60/build/resources/main/db/migration/V1.4__CREATE_TABLES_FOR_QUESTION.sql)
Line       : 2
Statement  : CREATE TABLE public.question
(
    id UUID primary key,
    name character varying COLLATE pg_catalog.&quot;default&quot; NOT NULL,
    title character varying(500) COLLATE pg_catalog.&quot;default&quot; NOT NULL,
    OptionA character varying(500) COLLATE pg_catalog.&quot;default&quot; NOT NULL,
    OptionB character varying(500) COLLATE pg_catalog.&quot;default&quot; NOT NULL,
    OptionC character varying(500) COLLATE pg_catalog.&quot;default&quot; NOT NULL,
    OptionD character varying(500) COLLATE pg_catalog.&quot;default&quot; NOT NULL,
    correct_option character varying(10) COLLATE pg_catalog.&quot;default&quot; NOT NULL,
    explanation character varying(500) COLLATE pg_catalog.&quot;default&quot; NOT NULL,
    category character varying(50) COLLATE pg_catalog.&quot;default&quot; NOT NULL

)

	at org.flywaydb.core.internal.command.DbMigrate.doMigrateGroup(DbMigrate.java:424)
	at org.flywaydb.core.internal.command.DbMigrate.access$200(DbMigrate.java:56)
	at org.flywaydb.core.internal.command.DbMigrate$3.call(DbMigrate.java:328)
	at org.flywaydb.core.internal.jdbc.TransactionalExecutionTemplate.execute(TransactionalExecutionTemplate.java:66)
	at org.flywaydb.core.internal.command.DbMigrate.applyMigrations(DbMigrate.java:325)
	at org.flywaydb.core.internal.command.DbMigrate.migrateGroup(DbMigrate.java:290)
	at org.flywaydb.core.internal.command.DbMigrate.access$100(DbMigrate.java:56)
	at org.flywaydb.core.internal.command.DbMigrate$2.call(DbMigrate.java:194)
	at org.flywaydb.core.internal.command.DbMigrate$2.call(DbMigrate.java:191)
	at org.flywaydb.core.internal.jdbc.TableLockingExecutionTemplate$1.call(TableLockingExecutionTemplate.java:38)
	at org.flywaydb.core.internal.jdbc.TransactionalExecutionTemplate.execute(TransactionalExecutionTemplate.java:66)
	at org.flywaydb.core.internal.jdbc.TableLockingExecutionTemplate.execute(TableLockingExecutionTemplate.java:33)
	at org.flywaydb.core.internal.database.base.Connection.lock(Connection.java:103)
	at org.flywaydb.core.internal.schemahistory.JdbcTableSchemaHistory.lock(JdbcTableSchemaHistory.java:141)
	at org.flywaydb.core.internal.command.DbMigrate.migrateAll(DbMigrate.java:191)
	at org.flywaydb.core.internal.command.DbMigrate.migrate(DbMigrate.java:152)
	at org.flywaydb.core.Flyway$1.execute(Flyway.java:216)
	at org.flywaydb.core.Flyway$1.execute(Flyway.java:165)
	at org.flywaydb.core.Flyway.execute(Flyway.java:570)
	at org.flywaydb.core.Flyway.migrate(Flyway.java:165)
	at org.springframework.boot.autoconfigure.flyway.FlywayMigrationInitializer.afterPropertiesSet(FlywayMigrationInitializer.java:66)
	at org.springframework.beans.factory.support.AbstractAutowireCapableBeanFactory.invokeInitMethods(AbstractAutowireCapableBeanFactory.java:1845)
	at org.springframework.beans.factory.support.AbstractAutowireCapableBeanFactory.initializeBean(AbstractAutowireCapableBeanFactory.java:1782)
	... 108 more
Caused by: org.flywaydb.core.internal.sqlscript.FlywaySqlScriptException: 
Migration V1.4__CREATE_TABLES_FOR_QUESTION.sql failed
-----------------------------------------------------
SQL State  : 42001
Error Code : 42001
Message    : Syntax error in SQL statement &quot;CREATE TABLE PUBLIC.QUESTION
(
    ID UUID PRIMARY KEY,
    NAME CHARACTER VARYING COLLATE[*] PG_CATALOG.&quot;&quot;default&quot;&quot; NOT NULL,
    TITLE CHARACTER VARYING(500) COLLATE PG_CATALOG.&quot;&quot;default&quot;&quot; NOT NULL,
    OPTIONA CHARACTER VARYING(500) COLLATE PG_CATALOG.&quot;&quot;default&quot;&quot; NOT NULL,
    OPTIONB CHARACTER VARYING(500) COLLATE PG_CATALOG.&quot;&quot;default&quot;&quot; NOT NULL,
    OPTIONC CHARACTER VARYING(500) COLLATE PG_CATALOG.&quot;&quot;default&quot;&quot; NOT NULL,
    OPTIOND CHARACTER VARYING(500) COLLATE PG_CATALOG.&quot;&quot;default&quot;&quot; NOT NULL,
    CORRECT_OPTION CHARACTER VARYING(10) COLLATE PG_CATALOG.&quot;&quot;default&quot;&quot; NOT NULL,
    EXPLANATION CHARACTER VARYING(500) COLLATE PG_CATALOG.&quot;&quot;default&quot;&quot; NOT NULL,
    CATEGORY CHARACTER VARYING(50) COLLATE PG_CATALOG.&quot;&quot;default&quot;&quot; NOT NULL

)&quot;; expected &quot;(, FOR, UNSIGNED, INVISIBLE, VISIBLE, NOT, NULL, AS, DEFAULT, GENERATED, ON, NOT, NULL, AUTO_INCREMENT, BIGSERIAL, SERIAL, IDENTITY, NULL_TO_DEFAULT, SEQUENCE, SELECTIVITY, COMMENT, CONSTRAINT, PRIMARY, UNIQUE, NOT, NULL, COMMENT, CHECK, REFERENCES, ,, )&quot;; SQL statement:
CREATE TABLE public.question
(
    id UUID primary key,
    name character varying COLLATE pg_catalog.&quot;default&quot; NOT NULL,
    title character varying(500) COLLATE pg_catalog.&quot;default&quot; NOT NULL,
    OptionA character varying(500) COLLATE pg_catalog.&quot;default&quot; NOT NULL,
    OptionB character varying(500) COLLATE pg_catalog.&quot;default&quot; NOT NULL,
    OptionC character varying(500) COLLATE pg_catalog.&quot;default&quot; NOT NULL,
    OptionD character varying(500) COLLATE pg_catalog.&quot;default&quot; NOT NULL,
    correct_option character varying(10) COLLATE pg_catalog.&quot;default&quot; NOT NULL,
    explanation character varying(500) COLLATE pg_catalog.&quot;default&quot; NOT NULL,
    category character varying(50) COLLATE pg_catalog.&quot;default&quot; NOT NULL

) [42001-200]
Location   : db/migration/V1.4__CREATE_TABLES_FOR_QUESTION.sql (/Users/elton/Downloads/webFullStack/project3/online_backend/redo_API_OA_60/build/resources/main/db/migration/V1.4__CREATE_TABLES_FOR_QUESTION.sql)
Line       : 2
Statement  : CREATE TABLE public.question
(
    id UUID primary key,
    name character varying COLLATE pg_catalog.&quot;default&quot; NOT NULL,
    title character varying(500) COLLATE pg_catalog.&quot;default&quot; NOT NULL,
    OptionA character varying(500) COLLATE pg_catalog.&quot;default&quot; NOT NULL,
    OptionB character varying(500) COLLATE pg_catalog.&quot;default&quot; NOT NULL,
    OptionC character varying(500) COLLATE pg_catalog.&quot;default&quot; NOT NULL,
    OptionD character varying(500) COLLATE pg_catalog.&quot;default&quot; NOT NULL,
    correct_option character varying(10) COLLATE pg_catalog.&quot;default&quot; NOT NULL,
    explanation character varying(500) COLLATE pg_catalog.&quot;default&quot; NOT NULL,
    category character varying(50) COLLATE pg_catalog.&quot;default&quot; NOT NULL

)

	at org.flywaydb.core.internal.sqlscript.DefaultSqlScriptExecutor.handleException(DefaultSqlScriptExecutor.java:273)
	at org.flywaydb.core.internal.sqlscript.DefaultSqlScriptExecutor.executeStatement(DefaultSqlScriptExecutor.java:218)
	at org.flywaydb.core.internal.sqlscript.DefaultSqlScriptExecutor.execute(DefaultSqlScriptExecutor.java:126)
	at org.flywaydb.core.internal.resolver.sql.SqlMigrationExecutor.executeOnce(SqlMigrationExecutor.java:78)
	at org.flywaydb.core.internal.resolver.sql.SqlMigrationExecutor.lambda$execute$0(SqlMigrationExecutor.java:67)
	at org.flywaydb.core.internal.database.DefaultExecutionStrategy.execute(DefaultExecutionStrategy.java:27)
	at org.flywaydb.core.internal.resolver.sql.SqlMigrationExecutor.execute(SqlMigrationExecutor.java:66)
	at org.flywaydb.core.internal.command.DbMigrate.doMigrateGroup(DbMigrate.java:421)
	... 130 more
Caused by: org.h2.jdbc.JdbcSQLSyntaxErrorException: Syntax error in SQL statement &quot;CREATE TABLE PUBLIC.QUESTION
(
    ID UUID PRIMARY KEY,
    NAME CHARACTER VARYING COLLATE[*] PG_CATALOG.&quot;&quot;default&quot;&quot; NOT NULL,
    TITLE CHARACTER VARYING(500) COLLATE PG_CATALOG.&quot;&quot;default&quot;&quot; NOT NULL,
    OPTIONA CHARACTER VARYING(500) COLLATE PG_CATALOG.&quot;&quot;default&quot;&quot; NOT NULL,
    OPTIONB CHARACTER VARYING(500) COLLATE PG_CATALOG.&quot;&quot;default&quot;&quot; NOT NULL,
    OPTIONC CHARACTER VARYING(500) COLLATE PG_CATALOG.&quot;&quot;default&quot;&quot; NOT NULL,
    OPTIOND CHARACTER VARYING(500) COLLATE PG_CATALOG.&quot;&quot;default&quot;&quot; NOT NULL,
    CORRECT_OPTION CHARACTER VARYING(10) COLLATE PG_CATALOG.&quot;&quot;default&quot;&quot; NOT NULL,
    EXPLANATION CHARACTER VARYING(500) COLLATE PG_CATALOG.&quot;&quot;default&quot;&quot; NOT NULL,
    CATEGORY CHARACTER VARYING(50) COLLATE PG_CATALOG.&quot;&quot;default&quot;&quot; NOT NULL

)&quot;; expected &quot;(, FOR, UNSIGNED, INVISIBLE, VISIBLE, NOT, NULL, AS, DEFAULT, GENERATED, ON, NOT, NULL, AUTO_INCREMENT, BIGSERIAL, SERIAL, IDENTITY, NULL_TO_DEFAULT, SEQUENCE, SELECTIVITY, COMMENT, CONSTRAINT, PRIMARY, UNIQUE, NOT, NULL, COMMENT, CHECK, REFERENCES, ,, )&quot;; SQL statement:
CREATE TABLE public.question
(
    id UUID primary key,
    name character varying COLLATE pg_catalog.&quot;default&quot; NOT NULL,
    title character varying(500) COLLATE pg_catalog.&quot;default&quot; NOT NULL,
    OptionA character varying(500) COLLATE pg_catalog.&quot;default&quot; NOT NULL,
    OptionB character varying(500) COLLATE pg_catalog.&quot;default&quot; NOT NULL,
    OptionC character varying(500) COLLATE pg_catalog.&quot;default&quot; NOT NULL,
    OptionD character varying(500) COLLATE pg_catalog.&quot;default&quot; NOT NULL,
    correct_option character varying(10) COLLATE pg_catalog.&quot;default&quot; NOT NULL,
    explanation character varying(500) COLLATE pg_catalog.&quot;default&quot; NOT NULL,
    category character varying(50) COLLATE pg_catalog.&quot;default&quot; NOT NULL

) [42001-200]
	at org.h2.message.DbException.getJdbcSQLException(DbException.java:453)
	at org.h2.message.DbException.getJdbcSQLException(DbException.java:429)
	at org.h2.message.DbException.getSyntaxError(DbException.java:243)
	at org.h2.command.Parser.getSyntaxError(Parser.java:1053)
	at org.h2.command.Parser.read(Parser.java:4995)
	at org.h2.command.Parser.readIfMore(Parser.java:1462)
	at org.h2.command.Parser.parseCreateTable(Parser.java:8380)
	at org.h2.command.Parser.parseCreate(Parser.java:6276)
	at org.h2.command.Parser.parsePrepared(Parser.java:903)
	at org.h2.command.Parser.parse(Parser.java:843)
	at org.h2.command.Parser.parse(Parser.java:819)
	at org.h2.command.Parser.prepareCommand(Parser.java:738)
	at org.h2.engine.Session.prepareLocal(Session.java:657)
	at org.h2.engine.Session.prepareCommand(Session.java:595)
	at org.h2.jdbc.JdbcConnection.prepareCommand(JdbcConnection.java:1235)
	at org.h2.jdbc.JdbcStatement.executeInternal(JdbcStatement.java:212)
	at org.h2.jdbc.JdbcStatement.execute(JdbcStatement.java:201)
	at com.zaxxer.hikari.pool.ProxyStatement.execute(ProxyStatement.java:95)
	at com.zaxxer.hikari.pool.HikariProxyStatement.execute(HikariProxyStatement.java)
	at org.flywaydb.core.internal.jdbc.JdbcTemplate.executeStatement(JdbcTemplate.java:241)
	at org.flywaydb.core.internal.sqlscript.ParsedSqlStatement.execute(ParsedSqlStatement.java:111)
	at org.flywaydb.core.internal.sqlscript.DefaultSqlScriptExecutor.executeStatement(DefaultSqlScriptExecutor.java:206)
	... 136 more
</failure>
  </testcase>
  <system-out><![CDATA[10:52:37.946 [Test worker] DEBUG org.springframework.test.context.BootstrapUtils - Instantiating CacheAwareContextLoaderDelegate from class [org.springframework.test.context.cache.DefaultCacheAwareContextLoaderDelegate]
10:52:37.956 [Test worker] DEBUG org.springframework.test.context.BootstrapUtils - Instantiating BootstrapContext using constructor [public org.springframework.test.context.support.DefaultBootstrapContext(java.lang.Class,org.springframework.test.context.CacheAwareContextLoaderDelegate)]
10:52:37.983 [Test worker] DEBUG org.springframework.test.context.BootstrapUtils - Instantiating TestContextBootstrapper for test class [com.fastoffer.backend.BackendApplicationTests] from class [org.springframework.boot.test.context.SpringBootTestContextBootstrapper]
10:52:37.991 [Test worker] INFO org.springframework.boot.test.context.SpringBootTestContextBootstrapper - Neither @ContextConfiguration nor @ContextHierarchy found for test class [com.fastoffer.backend.BackendApplicationTests], using SpringBootContextLoader
10:52:37.993 [Test worker] DEBUG org.springframework.test.context.support.AbstractContextLoader - Did not detect default resource location for test class [com.fastoffer.backend.BackendApplicationTests]: class path resource [com/fastoffer/backend/BackendApplicationTests-context.xml] does not exist
10:52:37.994 [Test worker] DEBUG org.springframework.test.context.support.AbstractContextLoader - Did not detect default resource location for test class [com.fastoffer.backend.BackendApplicationTests]: class path resource [com/fastoffer/backend/BackendApplicationTestsContext.groovy] does not exist
10:52:37.994 [Test worker] INFO org.springframework.test.context.support.AbstractContextLoader - Could not detect default resource locations for test class [com.fastoffer.backend.BackendApplicationTests]: no resource found for suffixes {-context.xml, Context.groovy}.
10:52:37.994 [Test worker] INFO org.springframework.test.context.support.AnnotationConfigContextLoaderUtils - Could not detect default configuration classes for test class [com.fastoffer.backend.BackendApplicationTests]: BackendApplicationTests does not declare any static, non-private, non-final, nested classes annotated with @Configuration.
10:52:38.027 [Test worker] DEBUG org.springframework.test.context.support.ActiveProfilesUtils - Could not find an 'annotation declaring class' for annotation type [org.springframework.test.context.ActiveProfiles] and class [com.fastoffer.backend.BackendApplicationTests]
10:52:38.070 [Test worker] DEBUG org.springframework.context.annotation.ClassPathScanningCandidateComponentProvider - Identified candidate component class: file [/Users/elton/Downloads/webFullStack/project3/online_backend/redo_API_OA_60/build/classes/java/main/com/fastoffer/backend/BackendApplication.class]
10:52:38.070 [Test worker] INFO org.springframework.boot.test.context.SpringBootTestContextBootstrapper - Found @SpringBootConfiguration com.fastoffer.backend.BackendApplication for test class com.fastoffer.backend.BackendApplicationTests
10:52:38.153 [Test worker] DEBUG org.springframework.boot.test.context.SpringBootTestContextBootstrapper - @TestExecutionListeners is not present for class [com.fastoffer.backend.BackendApplicationTests]: using defaults.
10:52:38.153 [Test worker] INFO org.springframework.boot.test.context.SpringBootTestContextBootstrapper - Loaded default TestExecutionListener class names from location [META-INF/spring.factories]: [org.springframework.boot.test.autoconfigure.restdocs.RestDocsTestExecutionListener, org.springframework.boot.test.autoconfigure.web.client.MockRestServiceServerResetTestExecutionListener, org.springframework.boot.test.autoconfigure.web.servlet.MockMvcPrintOnlyOnFailureTestExecutionListener, org.springframework.boot.test.autoconfigure.web.servlet.WebDriverTestExecutionListener, org.springframework.boot.test.autoconfigure.webservices.client.MockWebServiceServerTestExecutionListener, org.springframework.boot.test.mock.mockito.MockitoTestExecutionListener, org.springframework.boot.test.mock.mockito.ResetMocksTestExecutionListener, org.springframework.test.context.web.ServletTestExecutionListener, org.springframework.test.context.support.DirtiesContextBeforeModesTestExecutionListener, org.springframework.test.context.event.ApplicationEventsTestExecutionListener, org.springframework.test.context.support.DependencyInjectionTestExecutionListener, org.springframework.test.context.support.DirtiesContextTestExecutionListener, org.springframework.test.context.transaction.TransactionalTestExecutionListener, org.springframework.test.context.jdbc.SqlScriptsTestExecutionListener, org.springframework.test.context.event.EventPublishingTestExecutionListener]
10:52:38.167 [Test worker] INFO org.springframework.boot.test.context.SpringBootTestContextBootstrapper - Using TestExecutionListeners: [org.springframework.test.context.web.ServletTestExecutionListener@677d98e5, org.springframework.test.context.support.DirtiesContextBeforeModesTestExecutionListener@1439ea62, org.springframework.test.context.event.ApplicationEventsTestExecutionListener@17929a91, org.springframework.boot.test.mock.mockito.MockitoTestExecutionListener@9d4a840, org.springframework.boot.test.autoconfigure.SpringBootDependencyInjectionTestExecutionListener@265a32f, org.springframework.test.context.support.DirtiesContextTestExecutionListener@59d433fb, org.springframework.test.context.transaction.TransactionalTestExecutionListener@5a917c42, org.springframework.test.context.jdbc.SqlScriptsTestExecutionListener@76ab59f8, org.springframework.test.context.event.EventPublishingTestExecutionListener@59f8f0d9, org.springframework.boot.test.autoconfigure.restdocs.RestDocsTestExecutionListener@21cb5bf6, org.springframework.boot.test.autoconfigure.web.client.MockRestServiceServerResetTestExecutionListener@70e940e1, org.springframework.boot.test.autoconfigure.web.servlet.MockMvcPrintOnlyOnFailureTestExecutionListener@5ca1b39d, org.springframework.boot.test.autoconfigure.web.servlet.WebDriverTestExecutionListener@4241fee8, org.springframework.boot.test.autoconfigure.webservices.client.MockWebServiceServerTestExecutionListener@392e19bd, org.springframework.boot.test.mock.mockito.ResetMocksTestExecutionListener@3faa831]
10:52:38.170 [Test worker] DEBUG org.springframework.test.context.support.AbstractDirtiesContextTestExecutionListener - Before test class: context [DefaultTestContext@5276a2d5 testClass = BackendApplicationTests, testInstance = [null], testMethod = [null], testException = [null], mergedContextConfiguration = [WebMergedContextConfiguration@2e57cf93 testClass = BackendApplicationTests, locations = '{}', classes = '{class com.fastoffer.backend.BackendApplication}', contextInitializerClasses = '[]', activeProfiles = '{}', propertySourceLocations = '{}', propertySourceProperties = '{org.springframework.boot.test.context.SpringBootTestContextBootstrapper=true}', contextCustomizers = set[org.springframework.boot.test.autoconfigure.actuate.metrics.MetricsExportContextCustomizerFactory$DisableMetricExportContextCustomizer@7826c9f6, org.springframework.boot.test.autoconfigure.properties.PropertyMappingContextCustomizer@0, org.springframework.boot.test.autoconfigure.web.servlet.WebDriverContextCustomizerFactory$Customizer@6ba7267a, org.springframework.boot.test.context.filter.ExcludeFilterContextCustomizer@469a68a, org.springframework.boot.test.json.DuplicateJsonObjectContextCustomizerFactory$DuplicateJsonObjectContextCustomizer@49d4d2f1, org.springframework.boot.test.mock.mockito.MockitoContextCustomizer@0, org.springframework.boot.test.web.client.TestRestTemplateContextCustomizer@9d8aee7, org.springframework.boot.test.context.SpringBootTestArgs@1, org.springframework.boot.test.context.SpringBootTestWebEnvironment@11c0ae28], resourceBasePath = 'src/main/webapp', contextLoader = 'org.springframework.boot.test.context.SpringBootContextLoader', parent = [null]], attributes = map['org.springframework.test.context.web.ServletTestExecutionListener.activateListener' -> true]], class annotated with @DirtiesContext [false] with mode [null].
10:52:38.195 [Test worker] DEBUG org.springframework.test.context.support.TestPropertySourceUtils - Adding inlined properties to environment: {spring.jmx.enabled=false, org.springframework.boot.test.context.SpringBootTestContextBootstrapper=true}

  .   ____          _            __ _ _
 /\\ / ___'_ __ _ _(_)_ __  __ _ \ \ \ \
( ( )\___ | '_ | '_| | '_ \/ _` | \ \ \ \
 \\/  ___)| |_)| | | | | || (_| |  ) ) ) )
  '  |____| .__|_| |_|_| |_\__, | / / / /
 =========|_|==============|___/=/_/_/_/
 :: Spring Boot ::                (v2.4.3)

2021-03-24 10:52:38.404  INFO 14247 --- [    Test worker] c.f.backend.BackendApplicationTests      : Starting BackendApplicationTests using Java 11.0.10 on MBP with PID 14247 (started by elton in /Users/elton/Downloads/webFullStack/project3/online_backend/redo_API_OA_60)
2021-03-24 10:52:38.406  INFO 14247 --- [    Test worker] c.f.backend.BackendApplicationTests      : No active profile set, falling back to default profiles: default
2021-03-24 10:52:38.861  INFO 14247 --- [    Test worker] .s.d.r.c.RepositoryConfigurationDelegate : Bootstrapping Spring Data JPA repositories in DEFAULT mode.
2021-03-24 10:52:38.904  INFO 14247 --- [    Test worker] .s.d.r.c.RepositoryConfigurationDelegate : Finished Spring Data repository scanning in 37 ms. Found 2 JPA repository interfaces.
2021-03-24 10:52:39.285  INFO 14247 --- [    Test worker] o.f.c.internal.license.VersionPrinter    : Flyway Community Edition 7.6.0 by Redgate
2021-03-24 10:52:39.290  INFO 14247 --- [    Test worker] com.zaxxer.hikari.HikariDataSource       : HikariPool-1 - Starting...
2021-03-24 10:52:39.430  INFO 14247 --- [    Test worker] com.zaxxer.hikari.HikariDataSource       : HikariPool-1 - Start completed.
2021-03-24 10:52:39.455  INFO 14247 --- [    Test worker] o.f.c.i.database.base.DatabaseType       : Database: jdbc:h2:mem:db (H2 1.4)
2021-03-24 10:52:39.512  INFO 14247 --- [    Test worker] o.f.core.internal.command.DbValidate     : Successfully validated 6 migrations (execution time 00:00.019s)
2021-03-24 10:52:39.524  INFO 14247 --- [    Test worker] o.f.c.i.s.JdbcTableSchemaHistory         : Creating Schema History table "PUBLIC"."flyway_schema_history" ...
2021-03-24 10:52:39.559  INFO 14247 --- [    Test worker] o.f.core.internal.command.DbMigrate      : Current version of schema "PUBLIC": << Empty Schema >>
2021-03-24 10:52:39.562  INFO 14247 --- [    Test worker] o.f.core.internal.command.DbMigrate      : Migrating schema "PUBLIC" to version "1.3 - CREATE TABLES FOR USER ACCOUNT"
2021-03-24 10:52:39.583  INFO 14247 --- [    Test worker] o.f.core.internal.command.DbMigrate      : Migrating schema "PUBLIC" to version "1.3.1 - INSERT DATA FOR USER ACCOUNT"
2021-03-24 10:52:39.601  INFO 14247 --- [    Test worker] o.f.core.internal.command.DbMigrate      : Migrating schema "PUBLIC" to version "1.4 - CREATE TABLES FOR QUESTION"
2021-03-24 10:52:39.608 ERROR 14247 --- [    Test worker] o.f.core.internal.command.DbMigrate      : Migration of schema "PUBLIC" to version "1.4 - CREATE TABLES FOR QUESTION" failed! Please restore backups and roll back database and code!
2021-03-24 10:52:39.617  WARN 14247 --- [    Test worker] o.s.w.c.s.GenericWebApplicationContext   : Exception encountered during context initialization - cancelling refresh attempt: org.springframework.beans.factory.BeanCreationException: Error creating bean with name 'flywayInitializer' defined in class path resource [org/springframework/boot/autoconfigure/flyway/FlywayAutoConfiguration$FlywayConfiguration.class]: Invocation of init method failed; nested exception is org.flywaydb.core.internal.command.DbMigrate$FlywayMigrateException: 
Migration V1.4__CREATE_TABLES_FOR_QUESTION.sql failed
-----------------------------------------------------
SQL State  : 42001
Error Code : 42001
Message    : Syntax error in SQL statement "CREATE TABLE PUBLIC.QUESTION
(
    ID UUID PRIMARY KEY,
    NAME CHARACTER VARYING COLLATE[*] PG_CATALOG.""default"" NOT NULL,
    TITLE CHARACTER VARYING(500) COLLATE PG_CATALOG.""default"" NOT NULL,
    OPTIONA CHARACTER VARYING(500) COLLATE PG_CATALOG.""default"" NOT NULL,
    OPTIONB CHARACTER VARYING(500) COLLATE PG_CATALOG.""default"" NOT NULL,
    OPTIONC CHARACTER VARYING(500) COLLATE PG_CATALOG.""default"" NOT NULL,
    OPTIOND CHARACTER VARYING(500) COLLATE PG_CATALOG.""default"" NOT NULL,
    CORRECT_OPTION CHARACTER VARYING(10) COLLATE PG_CATALOG.""default"" NOT NULL,
    EXPLANATION CHARACTER VARYING(500) COLLATE PG_CATALOG.""default"" NOT NULL,
    CATEGORY CHARACTER VARYING(50) COLLATE PG_CATALOG.""default"" NOT NULL

)"; expected "(, FOR, UNSIGNED, INVISIBLE, VISIBLE, NOT, NULL, AS, DEFAULT, GENERATED, ON, NOT, NULL, AUTO_INCREMENT, BIGSERIAL, SERIAL, IDENTITY, NULL_TO_DEFAULT, SEQUENCE, SELECTIVITY, COMMENT, CONSTRAINT, PRIMARY, UNIQUE, NOT, NULL, COMMENT, CHECK, REFERENCES, ,, )"; SQL statement:
CREATE TABLE public.question
(
    id UUID primary key,
    name character varying COLLATE pg_catalog."default" NOT NULL,
    title character varying(500) COLLATE pg_catalog."default" NOT NULL,
    OptionA character varying(500) COLLATE pg_catalog."default" NOT NULL,
    OptionB character varying(500) COLLATE pg_catalog."default" NOT NULL,
    OptionC character varying(500) COLLATE pg_catalog."default" NOT NULL,
    OptionD character varying(500) COLLATE pg_catalog."default" NOT NULL,
    correct_option character varying(10) COLLATE pg_catalog."default" NOT NULL,
    explanation character varying(500) COLLATE pg_catalog."default" NOT NULL,
    category character varying(50) COLLATE pg_catalog."default" NOT NULL

) [42001-200]
Location   : db/migration/V1.4__CREATE_TABLES_FOR_QUESTION.sql (/Users/elton/Downloads/webFullStack/project3/online_backend/redo_API_OA_60/build/resources/main/db/migration/V1.4__CREATE_TABLES_FOR_QUESTION.sql)
Line       : 2
Statement  : CREATE TABLE public.question
(
    id UUID primary key,
    name character varying COLLATE pg_catalog."default" NOT NULL,
    title character varying(500) COLLATE pg_catalog."default" NOT NULL,
    OptionA character varying(500) COLLATE pg_catalog."default" NOT NULL,
    OptionB character varying(500) COLLATE pg_catalog."default" NOT NULL,
    OptionC character varying(500) COLLATE pg_catalog."default" NOT NULL,
    OptionD character varying(500) COLLATE pg_catalog."default" NOT NULL,
    correct_option character varying(10) COLLATE pg_catalog."default" NOT NULL,
    explanation character varying(500) COLLATE pg_catalog."default" NOT NULL,
    category character varying(50) COLLATE pg_catalog."default" NOT NULL

)

2021-03-24 10:52:39.618  INFO 14247 --- [    Test worker] com.zaxxer.hikari.HikariDataSource       : HikariPool-1 - Shutdown initiated...
2021-03-24 10:52:39.623  INFO 14247 --- [    Test worker] com.zaxxer.hikari.HikariDataSource       : HikariPool-1 - Shutdown completed.
2021-03-24 10:52:39.630  INFO 14247 --- [    Test worker] ConditionEvaluationReportLoggingListener : 

Error starting ApplicationContext. To display the conditions report re-run your application with 'debug' enabled.
2021-03-24 10:52:39.651 ERROR 14247 --- [    Test worker] o.s.boot.SpringApplication               : Application run failed

org.springframework.beans.factory.BeanCreationException: Error creating bean with name 'flywayInitializer' defined in class path resource [org/springframework/boot/autoconfigure/flyway/FlywayAutoConfiguration$FlywayConfiguration.class]: Invocation of init method failed; nested exception is org.flywaydb.core.internal.command.DbMigrate$FlywayMigrateException: 
Migration V1.4__CREATE_TABLES_FOR_QUESTION.sql failed
-----------------------------------------------------
SQL State  : 42001
Error Code : 42001
Message    : Syntax error in SQL statement "CREATE TABLE PUBLIC.QUESTION
(
    ID UUID PRIMARY KEY,
    NAME CHARACTER VARYING COLLATE[*] PG_CATALOG.""default"" NOT NULL,
    TITLE CHARACTER VARYING(500) COLLATE PG_CATALOG.""default"" NOT NULL,
    OPTIONA CHARACTER VARYING(500) COLLATE PG_CATALOG.""default"" NOT NULL,
    OPTIONB CHARACTER VARYING(500) COLLATE PG_CATALOG.""default"" NOT NULL,
    OPTIONC CHARACTER VARYING(500) COLLATE PG_CATALOG.""default"" NOT NULL,
    OPTIOND CHARACTER VARYING(500) COLLATE PG_CATALOG.""default"" NOT NULL,
    CORRECT_OPTION CHARACTER VARYING(10) COLLATE PG_CATALOG.""default"" NOT NULL,
    EXPLANATION CHARACTER VARYING(500) COLLATE PG_CATALOG.""default"" NOT NULL,
    CATEGORY CHARACTER VARYING(50) COLLATE PG_CATALOG.""default"" NOT NULL

)"; expected "(, FOR, UNSIGNED, INVISIBLE, VISIBLE, NOT, NULL, AS, DEFAULT, GENERATED, ON, NOT, NULL, AUTO_INCREMENT, BIGSERIAL, SERIAL, IDENTITY, NULL_TO_DEFAULT, SEQUENCE, SELECTIVITY, COMMENT, CONSTRAINT, PRIMARY, UNIQUE, NOT, NULL, COMMENT, CHECK, REFERENCES, ,, )"; SQL statement:
CREATE TABLE public.question
(
    id UUID primary key,
    name character varying COLLATE pg_catalog."default" NOT NULL,
    title character varying(500) COLLATE pg_catalog."default" NOT NULL,
    OptionA character varying(500) COLLATE pg_catalog."default" NOT NULL,
    OptionB character varying(500) COLLATE pg_catalog."default" NOT NULL,
    OptionC character varying(500) COLLATE pg_catalog."default" NOT NULL,
    OptionD character varying(500) COLLATE pg_catalog."default" NOT NULL,
    correct_option character varying(10) COLLATE pg_catalog."default" NOT NULL,
    explanation character varying(500) COLLATE pg_catalog."default" NOT NULL,
    category character varying(50) COLLATE pg_catalog."default" NOT NULL

) [42001-200]
Location   : db/migration/V1.4__CREATE_TABLES_FOR_QUESTION.sql (/Users/elton/Downloads/webFullStack/project3/online_backend/redo_API_OA_60/build/resources/main/db/migration/V1.4__CREATE_TABLES_FOR_QUESTION.sql)
Line       : 2
Statement  : CREATE TABLE public.question
(
    id UUID primary key,
    name character varying COLLATE pg_catalog."default" NOT NULL,
    title character varying(500) COLLATE pg_catalog."default" NOT NULL,
    OptionA character varying(500) COLLATE pg_catalog."default" NOT NULL,
    OptionB character varying(500) COLLATE pg_catalog."default" NOT NULL,
    OptionC character varying(500) COLLATE pg_catalog."default" NOT NULL,
    OptionD character varying(500) COLLATE pg_catalog."default" NOT NULL,
    correct_option character varying(10) COLLATE pg_catalog."default" NOT NULL,
    explanation character varying(500) COLLATE pg_catalog."default" NOT NULL,
    category character varying(50) COLLATE pg_catalog."default" NOT NULL

)

	at org.springframework.beans.factory.support.AbstractAutowireCapableBeanFactory.initializeBean(AbstractAutowireCapableBeanFactory.java:1786) ~[spring-beans-5.3.4.jar:5.3.4]
	at org.springframework.beans.factory.support.AbstractAutowireCapableBeanFactory.doCreateBean(AbstractAutowireCapableBeanFactory.java:602) ~[spring-beans-5.3.4.jar:5.3.4]
	at org.springframework.beans.factory.support.AbstractAutowireCapableBeanFactory.createBean(AbstractAutowireCapableBeanFactory.java:524) ~[spring-beans-5.3.4.jar:5.3.4]
	at org.springframework.beans.factory.support.AbstractBeanFactory.lambda$doGetBean$0(AbstractBeanFactory.java:335) ~[spring-beans-5.3.4.jar:5.3.4]
	at org.springframework.beans.factory.support.DefaultSingletonBeanRegistry.getSingleton(DefaultSingletonBeanRegistry.java:234) ~[spring-beans-5.3.4.jar:5.3.4]
	at org.springframework.beans.factory.support.AbstractBeanFactory.doGetBean(AbstractBeanFactory.java:333) ~[spring-beans-5.3.4.jar:5.3.4]
	at org.springframework.beans.factory.support.AbstractBeanFactory.getBean(AbstractBeanFactory.java:208) ~[spring-beans-5.3.4.jar:5.3.4]
	at org.springframework.beans.factory.support.AbstractBeanFactory.doGetBean(AbstractBeanFactory.java:322) ~[spring-beans-5.3.4.jar:5.3.4]
	at org.springframework.beans.factory.support.AbstractBeanFactory.getBean(AbstractBeanFactory.java:208) ~[spring-beans-5.3.4.jar:5.3.4]
	at org.springframework.context.support.AbstractApplicationContext.getBean(AbstractApplicationContext.java:1153) ~[spring-context-5.3.4.jar:5.3.4]
	at org.springframework.context.support.AbstractApplicationContext.finishBeanFactoryInitialization(AbstractApplicationContext.java:907) ~[spring-context-5.3.4.jar:5.3.4]
	at org.springframework.context.support.AbstractApplicationContext.refresh(AbstractApplicationContext.java:582) ~[spring-context-5.3.4.jar:5.3.4]
	at org.springframework.boot.SpringApplication.refresh(SpringApplication.java:767) ~[spring-boot-2.4.3.jar:2.4.3]
	at org.springframework.boot.SpringApplication.refresh(SpringApplication.java:759) ~[spring-boot-2.4.3.jar:2.4.3]
	at org.springframework.boot.SpringApplication.refreshContext(SpringApplication.java:426) ~[spring-boot-2.4.3.jar:2.4.3]
	at org.springframework.boot.SpringApplication.run(SpringApplication.java:326) ~[spring-boot-2.4.3.jar:2.4.3]
	at org.springframework.boot.test.context.SpringBootContextLoader.loadContext(SpringBootContextLoader.java:123) ~[spring-boot-test-2.4.3.jar:2.4.3]
	at org.springframework.test.context.cache.DefaultCacheAwareContextLoaderDelegate.loadContextInternal(DefaultCacheAwareContextLoaderDelegate.java:99) ~[spring-test-5.3.4.jar:5.3.4]
	at org.springframework.test.context.cache.DefaultCacheAwareContextLoaderDelegate.loadContext(DefaultCacheAwareContextLoaderDelegate.java:124) ~[spring-test-5.3.4.jar:5.3.4]
	at org.springframework.test.context.support.DefaultTestContext.getApplicationContext(DefaultTestContext.java:124) ~[spring-test-5.3.4.jar:5.3.4]
	at org.springframework.test.context.web.ServletTestExecutionListener.setUpRequestContextIfNecessary(ServletTestExecutionListener.java:190) ~[spring-test-5.3.4.jar:5.3.4]
	at org.springframework.test.context.web.ServletTestExecutionListener.prepareTestInstance(ServletTestExecutionListener.java:132) ~[spring-test-5.3.4.jar:5.3.4]
	at org.springframework.test.context.TestContextManager.prepareTestInstance(TestContextManager.java:244) ~[spring-test-5.3.4.jar:5.3.4]
	at org.springframework.test.context.junit.jupiter.SpringExtension.postProcessTestInstance(SpringExtension.java:138) ~[spring-test-5.3.4.jar:5.3.4]
	at org.junit.jupiter.engine.descriptor.ClassBasedTestDescriptor.lambda$invokeTestInstancePostProcessors$6(ClassBasedTestDescriptor.java:350) ~[junit-jupiter-engine-5.7.1.jar:5.7.1]
	at org.junit.jupiter.engine.descriptor.ClassBasedTestDescriptor.executeAndMaskThrowable(ClassBasedTestDescriptor.java:355) ~[junit-jupiter-engine-5.7.1.jar:5.7.1]
	at org.junit.jupiter.engine.descriptor.ClassBasedTestDescriptor.lambda$invokeTestInstancePostProcessors$7(ClassBasedTestDescriptor.java:350) ~[junit-jupiter-engine-5.7.1.jar:5.7.1]
	at java.base/java.util.stream.ReferencePipeline$3$1.accept(ReferencePipeline.java:195) ~[na:na]
	at java.base/java.util.stream.ReferencePipeline$2$1.accept(ReferencePipeline.java:177) ~[na:na]
	at java.base/java.util.ArrayList$ArrayListSpliterator.forEachRemaining(ArrayList.java:1655) ~[na:na]
	at java.base/java.util.stream.AbstractPipeline.copyInto(AbstractPipeline.java:484) ~[na:na]
	at java.base/java.util.stream.AbstractPipeline.wrapAndCopyInto(AbstractPipeline.java:474) ~[na:na]
	at java.base/java.util.stream.StreamSpliterators$WrappingSpliterator.forEachRemaining(StreamSpliterators.java:312) ~[na:na]
	at java.base/java.util.stream.Streams$ConcatSpliterator.forEachRemaining(Streams.java:735) ~[na:na]
	at java.base/java.util.stream.Streams$ConcatSpliterator.forEachRemaining(Streams.java:734) ~[na:na]
	at java.base/java.util.stream.ReferencePipeline$Head.forEach(ReferencePipeline.java:658) ~[na:na]
	at org.junit.jupiter.engine.descriptor.ClassBasedTestDescriptor.invokeTestInstancePostProcessors(ClassBasedTestDescriptor.java:349) ~[junit-jupiter-engine-5.7.1.jar:5.7.1]
	at org.junit.jupiter.engine.descriptor.ClassBasedTestDescriptor.lambda$instantiateAndPostProcessTestInstance$4(ClassBasedTestDescriptor.java:270) ~[junit-jupiter-engine-5.7.1.jar:5.7.1]
	at org.junit.platform.engine.support.hierarchical.ThrowableCollector.execute(ThrowableCollector.java:73) ~[junit-platform-engine-1.7.1.jar:1.7.1]
	at org.junit.jupiter.engine.descriptor.ClassBasedTestDescriptor.instantiateAndPostProcessTestInstance(ClassBasedTestDescriptor.java:269) ~[junit-jupiter-engine-5.7.1.jar:5.7.1]
	at org.junit.jupiter.engine.descriptor.ClassBasedTestDescriptor.lambda$testInstancesProvider$2(ClassBasedTestDescriptor.java:259) ~[junit-jupiter-engine-5.7.1.jar:5.7.1]
	at java.base/java.util.Optional.orElseGet(Optional.java:369) ~[na:na]
	at org.junit.jupiter.engine.descriptor.ClassBasedTestDescriptor.lambda$testInstancesProvider$3(ClassBasedTestDescriptor.java:258) ~[junit-jupiter-engine-5.7.1.jar:5.7.1]
	at org.junit.jupiter.engine.execution.TestInstancesProvider.getTestInstances(TestInstancesProvider.java:31) ~[junit-jupiter-engine-5.7.1.jar:5.7.1]
	at org.junit.jupiter.engine.descriptor.TestMethodTestDescriptor.lambda$prepare$0(TestMethodTestDescriptor.java:101) ~[junit-jupiter-engine-5.7.1.jar:5.7.1]
	at org.junit.platform.engine.support.hierarchical.ThrowableCollector.execute(ThrowableCollector.java:73) ~[junit-platform-engine-1.7.1.jar:1.7.1]
	at org.junit.jupiter.engine.descriptor.TestMethodTestDescriptor.prepare(TestMethodTestDescriptor.java:100) ~[junit-jupiter-engine-5.7.1.jar:5.7.1]
	at org.junit.jupiter.engine.descriptor.TestMethodTestDescriptor.prepare(TestMethodTestDescriptor.java:65) ~[junit-jupiter-engine-5.7.1.jar:5.7.1]
	at org.junit.platform.engine.support.hierarchical.NodeTestTask.lambda$prepare$1(NodeTestTask.java:111) ~[junit-platform-engine-1.7.1.jar:1.7.1]
	at org.junit.platform.engine.support.hierarchical.ThrowableCollector.execute(ThrowableCollector.java:73) ~[junit-platform-engine-1.7.1.jar:1.7.1]
	at org.junit.platform.engine.support.hierarchical.NodeTestTask.prepare(NodeTestTask.java:111) ~[junit-platform-engine-1.7.1.jar:1.7.1]
	at org.junit.platform.engine.support.hierarchical.NodeTestTask.execute(NodeTestTask.java:79) ~[junit-platform-engine-1.7.1.jar:1.7.1]
	at java.base/java.util.ArrayList.forEach(ArrayList.java:1541) ~[na:na]
	at org.junit.platform.engine.support.hierarchical.SameThreadHierarchicalTestExecutorService.invokeAll(SameThreadHierarchicalTestExecutorService.java:38) ~[junit-platform-engine-1.7.1.jar:1.7.1]
	at org.junit.platform.engine.support.hierarchical.NodeTestTask.lambda$executeRecursively$5(NodeTestTask.java:143) ~[junit-platform-engine-1.7.1.jar:1.7.1]
	at org.junit.platform.engine.support.hierarchical.ThrowableCollector.execute(ThrowableCollector.java:73) ~[junit-platform-engine-1.7.1.jar:1.7.1]
	at org.junit.platform.engine.support.hierarchical.NodeTestTask.lambda$executeRecursively$7(NodeTestTask.java:129) ~[junit-platform-engine-1.7.1.jar:1.7.1]
	at org.junit.platform.engine.support.hierarchical.Node.around(Node.java:137) ~[junit-platform-engine-1.7.1.jar:1.7.1]
	at org.junit.platform.engine.support.hierarchical.NodeTestTask.lambda$executeRecursively$8(NodeTestTask.java:127) ~[junit-platform-engine-1.7.1.jar:1.7.1]
	at org.junit.platform.engine.support.hierarchical.ThrowableCollector.execute(ThrowableCollector.java:73) ~[junit-platform-engine-1.7.1.jar:1.7.1]
	at org.junit.platform.engine.support.hierarchical.NodeTestTask.executeRecursively(NodeTestTask.java:126) ~[junit-platform-engine-1.7.1.jar:1.7.1]
	at org.junit.platform.engine.support.hierarchical.NodeTestTask.execute(NodeTestTask.java:84) ~[junit-platform-engine-1.7.1.jar:1.7.1]
	at java.base/java.util.ArrayList.forEach(ArrayList.java:1541) ~[na:na]
	at org.junit.platform.engine.support.hierarchical.SameThreadHierarchicalTestExecutorService.invokeAll(SameThreadHierarchicalTestExecutorService.java:38) ~[junit-platform-engine-1.7.1.jar:1.7.1]
	at org.junit.platform.engine.support.hierarchical.NodeTestTask.lambda$executeRecursively$5(NodeTestTask.java:143) ~[junit-platform-engine-1.7.1.jar:1.7.1]
	at org.junit.platform.engine.support.hierarchical.ThrowableCollector.execute(ThrowableCollector.java:73) ~[junit-platform-engine-1.7.1.jar:1.7.1]
	at org.junit.platform.engine.support.hierarchical.NodeTestTask.lambda$executeRecursively$7(NodeTestTask.java:129) ~[junit-platform-engine-1.7.1.jar:1.7.1]
	at org.junit.platform.engine.support.hierarchical.Node.around(Node.java:137) ~[junit-platform-engine-1.7.1.jar:1.7.1]
	at org.junit.platform.engine.support.hierarchical.NodeTestTask.lambda$executeRecursively$8(NodeTestTask.java:127) ~[junit-platform-engine-1.7.1.jar:1.7.1]
	at org.junit.platform.engine.support.hierarchical.ThrowableCollector.execute(ThrowableCollector.java:73) ~[junit-platform-engine-1.7.1.jar:1.7.1]
	at org.junit.platform.engine.support.hierarchical.NodeTestTask.executeRecursively(NodeTestTask.java:126) ~[junit-platform-engine-1.7.1.jar:1.7.1]
	at org.junit.platform.engine.support.hierarchical.NodeTestTask.execute(NodeTestTask.java:84) ~[junit-platform-engine-1.7.1.jar:1.7.1]
	at org.junit.platform.engine.support.hierarchical.SameThreadHierarchicalTestExecutorService.submit(SameThreadHierarchicalTestExecutorService.java:32) ~[junit-platform-engine-1.7.1.jar:1.7.1]
	at org.junit.platform.engine.support.hierarchical.HierarchicalTestExecutor.execute(HierarchicalTestExecutor.java:57) ~[junit-platform-engine-1.7.1.jar:1.7.1]
	at org.junit.platform.engine.support.hierarchical.HierarchicalTestEngine.execute(HierarchicalTestEngine.java:51) ~[junit-platform-engine-1.7.1.jar:1.7.1]
	at org.junit.platform.launcher.core.DefaultLauncher.execute(DefaultLauncher.java:248) ~[na:na]
	at org.junit.platform.launcher.core.DefaultLauncher.lambda$execute$5(DefaultLauncher.java:211) ~[na:na]
	at org.junit.platform.launcher.core.DefaultLauncher.withInterceptedStreams(DefaultLauncher.java:226) ~[na:na]
	at org.junit.platform.launcher.core.DefaultLauncher.execute(DefaultLauncher.java:199) ~[na:na]
	at org.junit.platform.launcher.core.DefaultLauncher.execute(DefaultLauncher.java:132) ~[na:na]
	at org.gradle.api.internal.tasks.testing.junitplatform.JUnitPlatformTestClassProcessor$CollectAllTestClassesExecutor.processAllTestClasses(JUnitPlatformTestClassProcessor.java:99) ~[na:na]
	at org.gradle.api.internal.tasks.testing.junitplatform.JUnitPlatformTestClassProcessor$CollectAllTestClassesExecutor.access$000(JUnitPlatformTestClassProcessor.java:79) ~[na:na]
	at org.gradle.api.internal.tasks.testing.junitplatform.JUnitPlatformTestClassProcessor.stop(JUnitPlatformTestClassProcessor.java:75) ~[na:na]
	at org.gradle.api.internal.tasks.testing.SuiteTestClassProcessor.stop(SuiteTestClassProcessor.java:61) ~[na:na]
	at java.base/jdk.internal.reflect.NativeMethodAccessorImpl.invoke0(Native Method) ~[na:na]
	at java.base/jdk.internal.reflect.NativeMethodAccessorImpl.invoke(NativeMethodAccessorImpl.java:62) ~[na:na]
	at java.base/jdk.internal.reflect.DelegatingMethodAccessorImpl.invoke(DelegatingMethodAccessorImpl.java:43) ~[na:na]
	at java.base/java.lang.reflect.Method.invoke(Method.java:566) ~[na:na]
	at org.gradle.internal.dispatch.ReflectionDispatch.dispatch(ReflectionDispatch.java:36) ~[na:na]
	at org.gradle.internal.dispatch.ReflectionDispatch.dispatch(ReflectionDispatch.java:24) ~[na:na]
	at org.gradle.internal.dispatch.ContextClassLoaderDispatch.dispatch(ContextClassLoaderDispatch.java:33) ~[na:na]
	at org.gradle.internal.dispatch.ProxyDispatchAdapter$DispatchingInvocationHandler.invoke(ProxyDispatchAdapter.java:94) ~[na:na]
	at com.sun.proxy.$Proxy2.stop(Unknown Source) ~[na:na]
	at org.gradle.api.internal.tasks.testing.worker.TestWorker.stop(TestWorker.java:133) ~[na:na]
	at java.base/jdk.internal.reflect.NativeMethodAccessorImpl.invoke0(Native Method) ~[na:na]
	at java.base/jdk.internal.reflect.NativeMethodAccessorImpl.invoke(NativeMethodAccessorImpl.java:62) ~[na:na]
	at java.base/jdk.internal.reflect.DelegatingMethodAccessorImpl.invoke(DelegatingMethodAccessorImpl.java:43) ~[na:na]
	at java.base/java.lang.reflect.Method.invoke(Method.java:566) ~[na:na]
	at org.gradle.internal.dispatch.ReflectionDispatch.dispatch(ReflectionDispatch.java:36) ~[na:na]
	at org.gradle.internal.dispatch.ReflectionDispatch.dispatch(ReflectionDispatch.java:24) ~[na:na]
	at org.gradle.internal.remote.internal.hub.MessageHubBackedObjectConnection$DispatchWrapper.dispatch(MessageHubBackedObjectConnection.java:182) ~[na:na]
	at org.gradle.internal.remote.internal.hub.MessageHubBackedObjectConnection$DispatchWrapper.dispatch(MessageHubBackedObjectConnection.java:164) ~[na:na]
	at org.gradle.internal.remote.internal.hub.MessageHub$Handler.run(MessageHub.java:414) ~[na:na]
	at org.gradle.internal.concurrent.ExecutorPolicy$CatchAndRecordFailures.onExecute(ExecutorPolicy.java:64) ~[na:na]
	at org.gradle.internal.concurrent.ManagedExecutorImpl$1.run(ManagedExecutorImpl.java:48) ~[na:na]
	at java.base/java.util.concurrent.ThreadPoolExecutor.runWorker(ThreadPoolExecutor.java:1128) ~[na:na]
	at java.base/java.util.concurrent.ThreadPoolExecutor$Worker.run(ThreadPoolExecutor.java:628) ~[na:na]
	at org.gradle.internal.concurrent.ThreadFactoryImpl$ManagedThreadRunnable.run(ThreadFactoryImpl.java:56) ~[na:na]
	at java.base/java.lang.Thread.run(Thread.java:834) ~[na:na]
Caused by: org.flywaydb.core.internal.command.DbMigrate$FlywayMigrateException: 
Migration V1.4__CREATE_TABLES_FOR_QUESTION.sql failed
-----------------------------------------------------
SQL State  : 42001
Error Code : 42001
Message    : Syntax error in SQL statement "CREATE TABLE PUBLIC.QUESTION
(
    ID UUID PRIMARY KEY,
    NAME CHARACTER VARYING COLLATE[*] PG_CATALOG.""default"" NOT NULL,
    TITLE CHARACTER VARYING(500) COLLATE PG_CATALOG.""default"" NOT NULL,
    OPTIONA CHARACTER VARYING(500) COLLATE PG_CATALOG.""default"" NOT NULL,
    OPTIONB CHARACTER VARYING(500) COLLATE PG_CATALOG.""default"" NOT NULL,
    OPTIONC CHARACTER VARYING(500) COLLATE PG_CATALOG.""default"" NOT NULL,
    OPTIOND CHARACTER VARYING(500) COLLATE PG_CATALOG.""default"" NOT NULL,
    CORRECT_OPTION CHARACTER VARYING(10) COLLATE PG_CATALOG.""default"" NOT NULL,
    EXPLANATION CHARACTER VARYING(500) COLLATE PG_CATALOG.""default"" NOT NULL,
    CATEGORY CHARACTER VARYING(50) COLLATE PG_CATALOG.""default"" NOT NULL

)"; expected "(, FOR, UNSIGNED, INVISIBLE, VISIBLE, NOT, NULL, AS, DEFAULT, GENERATED, ON, NOT, NULL, AUTO_INCREMENT, BIGSERIAL, SERIAL, IDENTITY, NULL_TO_DEFAULT, SEQUENCE, SELECTIVITY, COMMENT, CONSTRAINT, PRIMARY, UNIQUE, NOT, NULL, COMMENT, CHECK, REFERENCES, ,, )"; SQL statement:
CREATE TABLE public.question
(
    id UUID primary key,
    name character varying COLLATE pg_catalog."default" NOT NULL,
    title character varying(500) COLLATE pg_catalog."default" NOT NULL,
    OptionA character varying(500) COLLATE pg_catalog."default" NOT NULL,
    OptionB character varying(500) COLLATE pg_catalog."default" NOT NULL,
    OptionC character varying(500) COLLATE pg_catalog."default" NOT NULL,
    OptionD character varying(500) COLLATE pg_catalog."default" NOT NULL,
    correct_option character varying(10) COLLATE pg_catalog."default" NOT NULL,
    explanation character varying(500) COLLATE pg_catalog."default" NOT NULL,
    category character varying(50) COLLATE pg_catalog."default" NOT NULL

) [42001-200]
Location   : db/migration/V1.4__CREATE_TABLES_FOR_QUESTION.sql (/Users/elton/Downloads/webFullStack/project3/online_backend/redo_API_OA_60/build/resources/main/db/migration/V1.4__CREATE_TABLES_FOR_QUESTION.sql)
Line       : 2
Statement  : CREATE TABLE public.question
(
    id UUID primary key,
    name character varying COLLATE pg_catalog."default" NOT NULL,
    title character varying(500) COLLATE pg_catalog."default" NOT NULL,
    OptionA character varying(500) COLLATE pg_catalog."default" NOT NULL,
    OptionB character varying(500) COLLATE pg_catalog."default" NOT NULL,
    OptionC character varying(500) COLLATE pg_catalog."default" NOT NULL,
    OptionD character varying(500) COLLATE pg_catalog."default" NOT NULL,
    correct_option character varying(10) COLLATE pg_catalog."default" NOT NULL,
    explanation character varying(500) COLLATE pg_catalog."default" NOT NULL,
    category character varying(50) COLLATE pg_catalog."default" NOT NULL

)

	at org.flywaydb.core.internal.command.DbMigrate.doMigrateGroup(DbMigrate.java:424) ~[flyway-core-7.6.0.jar:na]
	at org.flywaydb.core.internal.command.DbMigrate.access$200(DbMigrate.java:56) ~[flyway-core-7.6.0.jar:na]
	at org.flywaydb.core.internal.command.DbMigrate$3.call(DbMigrate.java:328) ~[flyway-core-7.6.0.jar:na]
	at org.flywaydb.core.internal.jdbc.TransactionalExecutionTemplate.execute(TransactionalExecutionTemplate.java:66) ~[flyway-core-7.6.0.jar:na]
	at org.flywaydb.core.internal.command.DbMigrate.applyMigrations(DbMigrate.java:325) ~[flyway-core-7.6.0.jar:na]
	at org.flywaydb.core.internal.command.DbMigrate.migrateGroup(DbMigrate.java:290) ~[flyway-core-7.6.0.jar:na]
	at org.flywaydb.core.internal.command.DbMigrate.access$100(DbMigrate.java:56) ~[flyway-core-7.6.0.jar:na]
	at org.flywaydb.core.internal.command.DbMigrate$2.call(DbMigrate.java:194) ~[flyway-core-7.6.0.jar:na]
	at org.flywaydb.core.internal.command.DbMigrate$2.call(DbMigrate.java:191) ~[flyway-core-7.6.0.jar:na]
	at org.flywaydb.core.internal.jdbc.TableLockingExecutionTemplate$1.call(TableLockingExecutionTemplate.java:38) ~[flyway-core-7.6.0.jar:na]
	at org.flywaydb.core.internal.jdbc.TransactionalExecutionTemplate.execute(TransactionalExecutionTemplate.java:66) ~[flyway-core-7.6.0.jar:na]
	at org.flywaydb.core.internal.jdbc.TableLockingExecutionTemplate.execute(TableLockingExecutionTemplate.java:33) ~[flyway-core-7.6.0.jar:na]
	at org.flywaydb.core.internal.database.base.Connection.lock(Connection.java:103) ~[flyway-core-7.6.0.jar:na]
	at org.flywaydb.core.internal.schemahistory.JdbcTableSchemaHistory.lock(JdbcTableSchemaHistory.java:141) ~[flyway-core-7.6.0.jar:na]
	at org.flywaydb.core.internal.command.DbMigrate.migrateAll(DbMigrate.java:191) ~[flyway-core-7.6.0.jar:na]
	at org.flywaydb.core.internal.command.DbMigrate.migrate(DbMigrate.java:152) ~[flyway-core-7.6.0.jar:na]
	at org.flywaydb.core.Flyway$1.execute(Flyway.java:216) ~[flyway-core-7.6.0.jar:na]
	at org.flywaydb.core.Flyway$1.execute(Flyway.java:165) ~[flyway-core-7.6.0.jar:na]
	at org.flywaydb.core.Flyway.execute(Flyway.java:570) ~[flyway-core-7.6.0.jar:na]
	at org.flywaydb.core.Flyway.migrate(Flyway.java:165) ~[flyway-core-7.6.0.jar:na]
	at org.springframework.boot.autoconfigure.flyway.FlywayMigrationInitializer.afterPropertiesSet(FlywayMigrationInitializer.java:66) ~[spring-boot-autoconfigure-2.4.3.jar:2.4.3]
	at org.springframework.beans.factory.support.AbstractAutowireCapableBeanFactory.invokeInitMethods(AbstractAutowireCapableBeanFactory.java:1845) ~[spring-beans-5.3.4.jar:5.3.4]
	at org.springframework.beans.factory.support.AbstractAutowireCapableBeanFactory.initializeBean(AbstractAutowireCapableBeanFactory.java:1782) ~[spring-beans-5.3.4.jar:5.3.4]
	... 108 common frames omitted
Caused by: org.flywaydb.core.internal.sqlscript.FlywaySqlScriptException: 
Migration V1.4__CREATE_TABLES_FOR_QUESTION.sql failed
-----------------------------------------------------
SQL State  : 42001
Error Code : 42001
Message    : Syntax error in SQL statement "CREATE TABLE PUBLIC.QUESTION
(
    ID UUID PRIMARY KEY,
    NAME CHARACTER VARYING COLLATE[*] PG_CATALOG.""default"" NOT NULL,
    TITLE CHARACTER VARYING(500) COLLATE PG_CATALOG.""default"" NOT NULL,
    OPTIONA CHARACTER VARYING(500) COLLATE PG_CATALOG.""default"" NOT NULL,
    OPTIONB CHARACTER VARYING(500) COLLATE PG_CATALOG.""default"" NOT NULL,
    OPTIONC CHARACTER VARYING(500) COLLATE PG_CATALOG.""default"" NOT NULL,
    OPTIOND CHARACTER VARYING(500) COLLATE PG_CATALOG.""default"" NOT NULL,
    CORRECT_OPTION CHARACTER VARYING(10) COLLATE PG_CATALOG.""default"" NOT NULL,
    EXPLANATION CHARACTER VARYING(500) COLLATE PG_CATALOG.""default"" NOT NULL,
    CATEGORY CHARACTER VARYING(50) COLLATE PG_CATALOG.""default"" NOT NULL

)"; expected "(, FOR, UNSIGNED, INVISIBLE, VISIBLE, NOT, NULL, AS, DEFAULT, GENERATED, ON, NOT, NULL, AUTO_INCREMENT, BIGSERIAL, SERIAL, IDENTITY, NULL_TO_DEFAULT, SEQUENCE, SELECTIVITY, COMMENT, CONSTRAINT, PRIMARY, UNIQUE, NOT, NULL, COMMENT, CHECK, REFERENCES, ,, )"; SQL statement:
CREATE TABLE public.question
(
    id UUID primary key,
    name character varying COLLATE pg_catalog."default" NOT NULL,
    title character varying(500) COLLATE pg_catalog."default" NOT NULL,
    OptionA character varying(500) COLLATE pg_catalog."default" NOT NULL,
    OptionB character varying(500) COLLATE pg_catalog."default" NOT NULL,
    OptionC character varying(500) COLLATE pg_catalog."default" NOT NULL,
    OptionD character varying(500) COLLATE pg_catalog."default" NOT NULL,
    correct_option character varying(10) COLLATE pg_catalog."default" NOT NULL,
    explanation character varying(500) COLLATE pg_catalog."default" NOT NULL,
    category character varying(50) COLLATE pg_catalog."default" NOT NULL

) [42001-200]
Location   : db/migration/V1.4__CREATE_TABLES_FOR_QUESTION.sql (/Users/elton/Downloads/webFullStack/project3/online_backend/redo_API_OA_60/build/resources/main/db/migration/V1.4__CREATE_TABLES_FOR_QUESTION.sql)
Line       : 2
Statement  : CREATE TABLE public.question
(
    id UUID primary key,
    name character varying COLLATE pg_catalog."default" NOT NULL,
    title character varying(500) COLLATE pg_catalog."default" NOT NULL,
    OptionA character varying(500) COLLATE pg_catalog."default" NOT NULL,
    OptionB character varying(500) COLLATE pg_catalog."default" NOT NULL,
    OptionC character varying(500) COLLATE pg_catalog."default" NOT NULL,
    OptionD character varying(500) COLLATE pg_catalog."default" NOT NULL,
    correct_option character varying(10) COLLATE pg_catalog."default" NOT NULL,
    explanation character varying(500) COLLATE pg_catalog."default" NOT NULL,
    category character varying(50) COLLATE pg_catalog."default" NOT NULL

)

	at org.flywaydb.core.internal.sqlscript.DefaultSqlScriptExecutor.handleException(DefaultSqlScriptExecutor.java:273) ~[flyway-core-7.6.0.jar:na]
	at org.flywaydb.core.internal.sqlscript.DefaultSqlScriptExecutor.executeStatement(DefaultSqlScriptExecutor.java:218) ~[flyway-core-7.6.0.jar:na]
	at org.flywaydb.core.internal.sqlscript.DefaultSqlScriptExecutor.execute(DefaultSqlScriptExecutor.java:126) ~[flyway-core-7.6.0.jar:na]
	at org.flywaydb.core.internal.resolver.sql.SqlMigrationExecutor.executeOnce(SqlMigrationExecutor.java:78) ~[flyway-core-7.6.0.jar:na]
	at org.flywaydb.core.internal.resolver.sql.SqlMigrationExecutor.lambda$execute$0(SqlMigrationExecutor.java:67) ~[flyway-core-7.6.0.jar:na]
	at org.flywaydb.core.internal.database.DefaultExecutionStrategy.execute(DefaultExecutionStrategy.java:27) ~[flyway-core-7.6.0.jar:na]
	at org.flywaydb.core.internal.resolver.sql.SqlMigrationExecutor.execute(SqlMigrationExecutor.java:66) ~[flyway-core-7.6.0.jar:na]
	at org.flywaydb.core.internal.command.DbMigrate.doMigrateGroup(DbMigrate.java:421) ~[flyway-core-7.6.0.jar:na]
	... 130 common frames omitted
Caused by: org.h2.jdbc.JdbcSQLSyntaxErrorException: Syntax error in SQL statement "CREATE TABLE PUBLIC.QUESTION
(
    ID UUID PRIMARY KEY,
    NAME CHARACTER VARYING COLLATE[*] PG_CATALOG.""default"" NOT NULL,
    TITLE CHARACTER VARYING(500) COLLATE PG_CATALOG.""default"" NOT NULL,
    OPTIONA CHARACTER VARYING(500) COLLATE PG_CATALOG.""default"" NOT NULL,
    OPTIONB CHARACTER VARYING(500) COLLATE PG_CATALOG.""default"" NOT NULL,
    OPTIONC CHARACTER VARYING(500) COLLATE PG_CATALOG.""default"" NOT NULL,
    OPTIOND CHARACTER VARYING(500) COLLATE PG_CATALOG.""default"" NOT NULL,
    CORRECT_OPTION CHARACTER VARYING(10) COLLATE PG_CATALOG.""default"" NOT NULL,
    EXPLANATION CHARACTER VARYING(500) COLLATE PG_CATALOG.""default"" NOT NULL,
    CATEGORY CHARACTER VARYING(50) COLLATE PG_CATALOG.""default"" NOT NULL

)"; expected "(, FOR, UNSIGNED, INVISIBLE, VISIBLE, NOT, NULL, AS, DEFAULT, GENERATED, ON, NOT, NULL, AUTO_INCREMENT, BIGSERIAL, SERIAL, IDENTITY, NULL_TO_DEFAULT, SEQUENCE, SELECTIVITY, COMMENT, CONSTRAINT, PRIMARY, UNIQUE, NOT, NULL, COMMENT, CHECK, REFERENCES, ,, )"; SQL statement:
CREATE TABLE public.question
(
    id UUID primary key,
    name character varying COLLATE pg_catalog."default" NOT NULL,
    title character varying(500) COLLATE pg_catalog."default" NOT NULL,
    OptionA character varying(500) COLLATE pg_catalog."default" NOT NULL,
    OptionB character varying(500) COLLATE pg_catalog."default" NOT NULL,
    OptionC character varying(500) COLLATE pg_catalog."default" NOT NULL,
    OptionD character varying(500) COLLATE pg_catalog."default" NOT NULL,
    correct_option character varying(10) COLLATE pg_catalog."default" NOT NULL,
    explanation character varying(500) COLLATE pg_catalog."default" NOT NULL,
    category character varying(50) COLLATE pg_catalog."default" NOT NULL

) [42001-200]
	at org.h2.message.DbException.getJdbcSQLException(DbException.java:453) ~[h2-1.4.200.jar:1.4.200]
	at org.h2.message.DbException.getJdbcSQLException(DbException.java:429) ~[h2-1.4.200.jar:1.4.200]
	at org.h2.message.DbException.getSyntaxError(DbException.java:243) ~[h2-1.4.200.jar:1.4.200]
	at org.h2.command.Parser.getSyntaxError(Parser.java:1053) ~[h2-1.4.200.jar:1.4.200]
	at org.h2.command.Parser.read(Parser.java:4995) ~[h2-1.4.200.jar:1.4.200]
	at org.h2.command.Parser.readIfMore(Parser.java:1462) ~[h2-1.4.200.jar:1.4.200]
	at org.h2.command.Parser.parseCreateTable(Parser.java:8380) ~[h2-1.4.200.jar:1.4.200]
	at org.h2.command.Parser.parseCreate(Parser.java:6276) ~[h2-1.4.200.jar:1.4.200]
	at org.h2.command.Parser.parsePrepared(Parser.java:903) ~[h2-1.4.200.jar:1.4.200]
	at org.h2.command.Parser.parse(Parser.java:843) ~[h2-1.4.200.jar:1.4.200]
	at org.h2.command.Parser.parse(Parser.java:819) ~[h2-1.4.200.jar:1.4.200]
	at org.h2.command.Parser.prepareCommand(Parser.java:738) ~[h2-1.4.200.jar:1.4.200]
	at org.h2.engine.Session.prepareLocal(Session.java:657) ~[h2-1.4.200.jar:1.4.200]
	at org.h2.engine.Session.prepareCommand(Session.java:595) ~[h2-1.4.200.jar:1.4.200]
	at org.h2.jdbc.JdbcConnection.prepareCommand(JdbcConnection.java:1235) ~[h2-1.4.200.jar:1.4.200]
	at org.h2.jdbc.JdbcStatement.executeInternal(JdbcStatement.java:212) ~[h2-1.4.200.jar:1.4.200]
	at org.h2.jdbc.JdbcStatement.execute(JdbcStatement.java:201) ~[h2-1.4.200.jar:1.4.200]
	at com.zaxxer.hikari.pool.ProxyStatement.execute(ProxyStatement.java:95) ~[HikariCP-3.4.5.jar:na]
	at com.zaxxer.hikari.pool.HikariProxyStatement.execute(HikariProxyStatement.java) ~[HikariCP-3.4.5.jar:na]
	at org.flywaydb.core.internal.jdbc.JdbcTemplate.executeStatement(JdbcTemplate.java:241) ~[flyway-core-7.6.0.jar:na]
	at org.flywaydb.core.internal.sqlscript.ParsedSqlStatement.execute(ParsedSqlStatement.java:111) ~[flyway-core-7.6.0.jar:na]
	at org.flywaydb.core.internal.sqlscript.DefaultSqlScriptExecutor.executeStatement(DefaultSqlScriptExecutor.java:206) ~[flyway-core-7.6.0.jar:na]
	... 136 common frames omitted

2021-03-24 10:52:39.664 ERROR 14247 --- [    Test worker] o.s.test.context.TestContextManager      : Caught exception while allowing TestExecutionListener [org.springframework.test.context.web.ServletTestExecutionListener@677d98e5] to prepare test instance [com.fastoffer.backend.BackendApplicationTests@21c85043]

java.lang.IllegalStateException: Failed to load ApplicationContext
	at org.springframework.test.context.cache.DefaultCacheAwareContextLoaderDelegate.loadContext(DefaultCacheAwareContextLoaderDelegate.java:132) ~[spring-test-5.3.4.jar:5.3.4]
	at org.springframework.test.context.support.DefaultTestContext.getApplicationContext(DefaultTestContext.java:124) ~[spring-test-5.3.4.jar:5.3.4]
	at org.springframework.test.context.web.ServletTestExecutionListener.setUpRequestContextIfNecessary(ServletTestExecutionListener.java:190) ~[spring-test-5.3.4.jar:5.3.4]
	at org.springframework.test.context.web.ServletTestExecutionListener.prepareTestInstance(ServletTestExecutionListener.java:132) ~[spring-test-5.3.4.jar:5.3.4]
	at org.springframework.test.context.TestContextManager.prepareTestInstance(TestContextManager.java:244) ~[spring-test-5.3.4.jar:5.3.4]
	at org.springframework.test.context.junit.jupiter.SpringExtension.postProcessTestInstance(SpringExtension.java:138) ~[spring-test-5.3.4.jar:5.3.4]
	at org.junit.jupiter.engine.descriptor.ClassBasedTestDescriptor.lambda$invokeTestInstancePostProcessors$6(ClassBasedTestDescriptor.java:350) ~[junit-jupiter-engine-5.7.1.jar:5.7.1]
	at org.junit.jupiter.engine.descriptor.ClassBasedTestDescriptor.executeAndMaskThrowable(ClassBasedTestDescriptor.java:355) ~[junit-jupiter-engine-5.7.1.jar:5.7.1]
	at org.junit.jupiter.engine.descriptor.ClassBasedTestDescriptor.lambda$invokeTestInstancePostProcessors$7(ClassBasedTestDescriptor.java:350) ~[junit-jupiter-engine-5.7.1.jar:5.7.1]
	at java.base/java.util.stream.ReferencePipeline$3$1.accept(ReferencePipeline.java:195) ~[na:na]
	at java.base/java.util.stream.ReferencePipeline$2$1.accept(ReferencePipeline.java:177) ~[na:na]
	at java.base/java.util.ArrayList$ArrayListSpliterator.forEachRemaining(ArrayList.java:1655) ~[na:na]
	at java.base/java.util.stream.AbstractPipeline.copyInto(AbstractPipeline.java:484) ~[na:na]
	at java.base/java.util.stream.AbstractPipeline.wrapAndCopyInto(AbstractPipeline.java:474) ~[na:na]
	at java.base/java.util.stream.StreamSpliterators$WrappingSpliterator.forEachRemaining(StreamSpliterators.java:312) ~[na:na]
	at java.base/java.util.stream.Streams$ConcatSpliterator.forEachRemaining(Streams.java:735) ~[na:na]
	at java.base/java.util.stream.Streams$ConcatSpliterator.forEachRemaining(Streams.java:734) ~[na:na]
	at java.base/java.util.stream.ReferencePipeline$Head.forEach(ReferencePipeline.java:658) ~[na:na]
	at org.junit.jupiter.engine.descriptor.ClassBasedTestDescriptor.invokeTestInstancePostProcessors(ClassBasedTestDescriptor.java:349) ~[junit-jupiter-engine-5.7.1.jar:5.7.1]
	at org.junit.jupiter.engine.descriptor.ClassBasedTestDescriptor.lambda$instantiateAndPostProcessTestInstance$4(ClassBasedTestDescriptor.java:270) ~[junit-jupiter-engine-5.7.1.jar:5.7.1]
	at org.junit.platform.engine.support.hierarchical.ThrowableCollector.execute(ThrowableCollector.java:73) ~[junit-platform-engine-1.7.1.jar:1.7.1]
	at org.junit.jupiter.engine.descriptor.ClassBasedTestDescriptor.instantiateAndPostProcessTestInstance(ClassBasedTestDescriptor.java:269) ~[junit-jupiter-engine-5.7.1.jar:5.7.1]
	at org.junit.jupiter.engine.descriptor.ClassBasedTestDescriptor.lambda$testInstancesProvider$2(ClassBasedTestDescriptor.java:259) ~[junit-jupiter-engine-5.7.1.jar:5.7.1]
	at java.base/java.util.Optional.orElseGet(Optional.java:369) ~[na:na]
	at org.junit.jupiter.engine.descriptor.ClassBasedTestDescriptor.lambda$testInstancesProvider$3(ClassBasedTestDescriptor.java:258) ~[junit-jupiter-engine-5.7.1.jar:5.7.1]
	at org.junit.jupiter.engine.execution.TestInstancesProvider.getTestInstances(TestInstancesProvider.java:31) ~[junit-jupiter-engine-5.7.1.jar:5.7.1]
	at org.junit.jupiter.engine.descriptor.TestMethodTestDescriptor.lambda$prepare$0(TestMethodTestDescriptor.java:101) ~[junit-jupiter-engine-5.7.1.jar:5.7.1]
	at org.junit.platform.engine.support.hierarchical.ThrowableCollector.execute(ThrowableCollector.java:73) ~[junit-platform-engine-1.7.1.jar:1.7.1]
	at org.junit.jupiter.engine.descriptor.TestMethodTestDescriptor.prepare(TestMethodTestDescriptor.java:100) ~[junit-jupiter-engine-5.7.1.jar:5.7.1]
	at org.junit.jupiter.engine.descriptor.TestMethodTestDescriptor.prepare(TestMethodTestDescriptor.java:65) ~[junit-jupiter-engine-5.7.1.jar:5.7.1]
	at org.junit.platform.engine.support.hierarchical.NodeTestTask.lambda$prepare$1(NodeTestTask.java:111) ~[junit-platform-engine-1.7.1.jar:1.7.1]
	at org.junit.platform.engine.support.hierarchical.ThrowableCollector.execute(ThrowableCollector.java:73) ~[junit-platform-engine-1.7.1.jar:1.7.1]
	at org.junit.platform.engine.support.hierarchical.NodeTestTask.prepare(NodeTestTask.java:111) ~[junit-platform-engine-1.7.1.jar:1.7.1]
	at org.junit.platform.engine.support.hierarchical.NodeTestTask.execute(NodeTestTask.java:79) ~[junit-platform-engine-1.7.1.jar:1.7.1]
	at java.base/java.util.ArrayList.forEach(ArrayList.java:1541) ~[na:na]
	at org.junit.platform.engine.support.hierarchical.SameThreadHierarchicalTestExecutorService.invokeAll(SameThreadHierarchicalTestExecutorService.java:38) ~[junit-platform-engine-1.7.1.jar:1.7.1]
	at org.junit.platform.engine.support.hierarchical.NodeTestTask.lambda$executeRecursively$5(NodeTestTask.java:143) ~[junit-platform-engine-1.7.1.jar:1.7.1]
	at org.junit.platform.engine.support.hierarchical.ThrowableCollector.execute(ThrowableCollector.java:73) ~[junit-platform-engine-1.7.1.jar:1.7.1]
	at org.junit.platform.engine.support.hierarchical.NodeTestTask.lambda$executeRecursively$7(NodeTestTask.java:129) ~[junit-platform-engine-1.7.1.jar:1.7.1]
	at org.junit.platform.engine.support.hierarchical.Node.around(Node.java:137) ~[junit-platform-engine-1.7.1.jar:1.7.1]
	at org.junit.platform.engine.support.hierarchical.NodeTestTask.lambda$executeRecursively$8(NodeTestTask.java:127) ~[junit-platform-engine-1.7.1.jar:1.7.1]
	at org.junit.platform.engine.support.hierarchical.ThrowableCollector.execute(ThrowableCollector.java:73) ~[junit-platform-engine-1.7.1.jar:1.7.1]
	at org.junit.platform.engine.support.hierarchical.NodeTestTask.executeRecursively(NodeTestTask.java:126) ~[junit-platform-engine-1.7.1.jar:1.7.1]
	at org.junit.platform.engine.support.hierarchical.NodeTestTask.execute(NodeTestTask.java:84) ~[junit-platform-engine-1.7.1.jar:1.7.1]
	at java.base/java.util.ArrayList.forEach(ArrayList.java:1541) ~[na:na]
	at org.junit.platform.engine.support.hierarchical.SameThreadHierarchicalTestExecutorService.invokeAll(SameThreadHierarchicalTestExecutorService.java:38) ~[junit-platform-engine-1.7.1.jar:1.7.1]
	at org.junit.platform.engine.support.hierarchical.NodeTestTask.lambda$executeRecursively$5(NodeTestTask.java:143) ~[junit-platform-engine-1.7.1.jar:1.7.1]
	at org.junit.platform.engine.support.hierarchical.ThrowableCollector.execute(ThrowableCollector.java:73) ~[junit-platform-engine-1.7.1.jar:1.7.1]
	at org.junit.platform.engine.support.hierarchical.NodeTestTask.lambda$executeRecursively$7(NodeTestTask.java:129) ~[junit-platform-engine-1.7.1.jar:1.7.1]
	at org.junit.platform.engine.support.hierarchical.Node.around(Node.java:137) ~[junit-platform-engine-1.7.1.jar:1.7.1]
	at org.junit.platform.engine.support.hierarchical.NodeTestTask.lambda$executeRecursively$8(NodeTestTask.java:127) ~[junit-platform-engine-1.7.1.jar:1.7.1]
	at org.junit.platform.engine.support.hierarchical.ThrowableCollector.execute(ThrowableCollector.java:73) ~[junit-platform-engine-1.7.1.jar:1.7.1]
	at org.junit.platform.engine.support.hierarchical.NodeTestTask.executeRecursively(NodeTestTask.java:126) ~[junit-platform-engine-1.7.1.jar:1.7.1]
	at org.junit.platform.engine.support.hierarchical.NodeTestTask.execute(NodeTestTask.java:84) ~[junit-platform-engine-1.7.1.jar:1.7.1]
	at org.junit.platform.engine.support.hierarchical.SameThreadHierarchicalTestExecutorService.submit(SameThreadHierarchicalTestExecutorService.java:32) ~[junit-platform-engine-1.7.1.jar:1.7.1]
	at org.junit.platform.engine.support.hierarchical.HierarchicalTestExecutor.execute(HierarchicalTestExecutor.java:57) ~[junit-platform-engine-1.7.1.jar:1.7.1]
	at org.junit.platform.engine.support.hierarchical.HierarchicalTestEngine.execute(HierarchicalTestEngine.java:51) ~[junit-platform-engine-1.7.1.jar:1.7.1]
	at org.junit.platform.launcher.core.DefaultLauncher.execute(DefaultLauncher.java:248) ~[na:na]
	at org.junit.platform.launcher.core.DefaultLauncher.lambda$execute$5(DefaultLauncher.java:211) ~[na:na]
	at org.junit.platform.launcher.core.DefaultLauncher.withInterceptedStreams(DefaultLauncher.java:226) ~[na:na]
	at org.junit.platform.launcher.core.DefaultLauncher.execute(DefaultLauncher.java:199) ~[na:na]
	at org.junit.platform.launcher.core.DefaultLauncher.execute(DefaultLauncher.java:132) ~[na:na]
	at org.gradle.api.internal.tasks.testing.junitplatform.JUnitPlatformTestClassProcessor$CollectAllTestClassesExecutor.processAllTestClasses(JUnitPlatformTestClassProcessor.java:99) ~[na:na]
	at org.gradle.api.internal.tasks.testing.junitplatform.JUnitPlatformTestClassProcessor$CollectAllTestClassesExecutor.access$000(JUnitPlatformTestClassProcessor.java:79) ~[na:na]
	at org.gradle.api.internal.tasks.testing.junitplatform.JUnitPlatformTestClassProcessor.stop(JUnitPlatformTestClassProcessor.java:75) ~[na:na]
	at org.gradle.api.internal.tasks.testing.SuiteTestClassProcessor.stop(SuiteTestClassProcessor.java:61) ~[na:na]
	at java.base/jdk.internal.reflect.NativeMethodAccessorImpl.invoke0(Native Method) ~[na:na]
	at java.base/jdk.internal.reflect.NativeMethodAccessorImpl.invoke(NativeMethodAccessorImpl.java:62) ~[na:na]
	at java.base/jdk.internal.reflect.DelegatingMethodAccessorImpl.invoke(DelegatingMethodAccessorImpl.java:43) ~[na:na]
	at java.base/java.lang.reflect.Method.invoke(Method.java:566) ~[na:na]
	at org.gradle.internal.dispatch.ReflectionDispatch.dispatch(ReflectionDispatch.java:36) ~[na:na]
	at org.gradle.internal.dispatch.ReflectionDispatch.dispatch(ReflectionDispatch.java:24) ~[na:na]
	at org.gradle.internal.dispatch.ContextClassLoaderDispatch.dispatch(ContextClassLoaderDispatch.java:33) ~[na:na]
	at org.gradle.internal.dispatch.ProxyDispatchAdapter$DispatchingInvocationHandler.invoke(ProxyDispatchAdapter.java:94) ~[na:na]
	at com.sun.proxy.$Proxy2.stop(Unknown Source) ~[na:na]
	at org.gradle.api.internal.tasks.testing.worker.TestWorker.stop(TestWorker.java:133) ~[na:na]
	at java.base/jdk.internal.reflect.NativeMethodAccessorImpl.invoke0(Native Method) ~[na:na]
	at java.base/jdk.internal.reflect.NativeMethodAccessorImpl.invoke(NativeMethodAccessorImpl.java:62) ~[na:na]
	at java.base/jdk.internal.reflect.DelegatingMethodAccessorImpl.invoke(DelegatingMethodAccessorImpl.java:43) ~[na:na]
	at java.base/java.lang.reflect.Method.invoke(Method.java:566) ~[na:na]
	at org.gradle.internal.dispatch.ReflectionDispatch.dispatch(ReflectionDispatch.java:36) ~[na:na]
	at org.gradle.internal.dispatch.ReflectionDispatch.dispatch(ReflectionDispatch.java:24) ~[na:na]
	at org.gradle.internal.remote.internal.hub.MessageHubBackedObjectConnection$DispatchWrapper.dispatch(MessageHubBackedObjectConnection.java:182) ~[na:na]
	at org.gradle.internal.remote.internal.hub.MessageHubBackedObjectConnection$DispatchWrapper.dispatch(MessageHubBackedObjectConnection.java:164) ~[na:na]
	at org.gradle.internal.remote.internal.hub.MessageHub$Handler.run(MessageHub.java:414) ~[na:na]
	at org.gradle.internal.concurrent.ExecutorPolicy$CatchAndRecordFailures.onExecute(ExecutorPolicy.java:64) ~[na:na]
	at org.gradle.internal.concurrent.ManagedExecutorImpl$1.run(ManagedExecutorImpl.java:48) ~[na:na]
	at java.base/java.util.concurrent.ThreadPoolExecutor.runWorker(ThreadPoolExecutor.java:1128) ~[na:na]
	at java.base/java.util.concurrent.ThreadPoolExecutor$Worker.run(ThreadPoolExecutor.java:628) ~[na:na]
	at org.gradle.internal.concurrent.ThreadFactoryImpl$ManagedThreadRunnable.run(ThreadFactoryImpl.java:56) ~[na:na]
	at java.base/java.lang.Thread.run(Thread.java:834) ~[na:na]
Caused by: org.springframework.beans.factory.BeanCreationException: Error creating bean with name 'flywayInitializer' defined in class path resource [org/springframework/boot/autoconfigure/flyway/FlywayAutoConfiguration$FlywayConfiguration.class]: Invocation of init method failed; nested exception is org.flywaydb.core.internal.command.DbMigrate$FlywayMigrateException: 
Migration V1.4__CREATE_TABLES_FOR_QUESTION.sql failed
-----------------------------------------------------
SQL State  : 42001
Error Code : 42001
Message    : Syntax error in SQL statement "CREATE TABLE PUBLIC.QUESTION
(
    ID UUID PRIMARY KEY,
    NAME CHARACTER VARYING COLLATE[*] PG_CATALOG.""default"" NOT NULL,
    TITLE CHARACTER VARYING(500) COLLATE PG_CATALOG.""default"" NOT NULL,
    OPTIONA CHARACTER VARYING(500) COLLATE PG_CATALOG.""default"" NOT NULL,
    OPTIONB CHARACTER VARYING(500) COLLATE PG_CATALOG.""default"" NOT NULL,
    OPTIONC CHARACTER VARYING(500) COLLATE PG_CATALOG.""default"" NOT NULL,
    OPTIOND CHARACTER VARYING(500) COLLATE PG_CATALOG.""default"" NOT NULL,
    CORRECT_OPTION CHARACTER VARYING(10) COLLATE PG_CATALOG.""default"" NOT NULL,
    EXPLANATION CHARACTER VARYING(500) COLLATE PG_CATALOG.""default"" NOT NULL,
    CATEGORY CHARACTER VARYING(50) COLLATE PG_CATALOG.""default"" NOT NULL

)"; expected "(, FOR, UNSIGNED, INVISIBLE, VISIBLE, NOT, NULL, AS, DEFAULT, GENERATED, ON, NOT, NULL, AUTO_INCREMENT, BIGSERIAL, SERIAL, IDENTITY, NULL_TO_DEFAULT, SEQUENCE, SELECTIVITY, COMMENT, CONSTRAINT, PRIMARY, UNIQUE, NOT, NULL, COMMENT, CHECK, REFERENCES, ,, )"; SQL statement:
CREATE TABLE public.question
(
    id UUID primary key,
    name character varying COLLATE pg_catalog."default" NOT NULL,
    title character varying(500) COLLATE pg_catalog."default" NOT NULL,
    OptionA character varying(500) COLLATE pg_catalog."default" NOT NULL,
    OptionB character varying(500) COLLATE pg_catalog."default" NOT NULL,
    OptionC character varying(500) COLLATE pg_catalog."default" NOT NULL,
    OptionD character varying(500) COLLATE pg_catalog."default" NOT NULL,
    correct_option character varying(10) COLLATE pg_catalog."default" NOT NULL,
    explanation character varying(500) COLLATE pg_catalog."default" NOT NULL,
    category character varying(50) COLLATE pg_catalog."default" NOT NULL

) [42001-200]
Location   : db/migration/V1.4__CREATE_TABLES_FOR_QUESTION.sql (/Users/elton/Downloads/webFullStack/project3/online_backend/redo_API_OA_60/build/resources/main/db/migration/V1.4__CREATE_TABLES_FOR_QUESTION.sql)
Line       : 2
Statement  : CREATE TABLE public.question
(
    id UUID primary key,
    name character varying COLLATE pg_catalog."default" NOT NULL,
    title character varying(500) COLLATE pg_catalog."default" NOT NULL,
    OptionA character varying(500) COLLATE pg_catalog."default" NOT NULL,
    OptionB character varying(500) COLLATE pg_catalog."default" NOT NULL,
    OptionC character varying(500) COLLATE pg_catalog."default" NOT NULL,
    OptionD character varying(500) COLLATE pg_catalog."default" NOT NULL,
    correct_option character varying(10) COLLATE pg_catalog."default" NOT NULL,
    explanation character varying(500) COLLATE pg_catalog."default" NOT NULL,
    category character varying(50) COLLATE pg_catalog."default" NOT NULL

)

	at org.springframework.beans.factory.support.AbstractAutowireCapableBeanFactory.initializeBean(AbstractAutowireCapableBeanFactory.java:1786) ~[spring-beans-5.3.4.jar:5.3.4]
	at org.springframework.beans.factory.support.AbstractAutowireCapableBeanFactory.doCreateBean(AbstractAutowireCapableBeanFactory.java:602) ~[spring-beans-5.3.4.jar:5.3.4]
	at org.springframework.beans.factory.support.AbstractAutowireCapableBeanFactory.createBean(AbstractAutowireCapableBeanFactory.java:524) ~[spring-beans-5.3.4.jar:5.3.4]
	at org.springframework.beans.factory.support.AbstractBeanFactory.lambda$doGetBean$0(AbstractBeanFactory.java:335) ~[spring-beans-5.3.4.jar:5.3.4]
	at org.springframework.beans.factory.support.DefaultSingletonBeanRegistry.getSingleton(DefaultSingletonBeanRegistry.java:234) ~[spring-beans-5.3.4.jar:5.3.4]
	at org.springframework.beans.factory.support.AbstractBeanFactory.doGetBean(AbstractBeanFactory.java:333) ~[spring-beans-5.3.4.jar:5.3.4]
	at org.springframework.beans.factory.support.AbstractBeanFactory.getBean(AbstractBeanFactory.java:208) ~[spring-beans-5.3.4.jar:5.3.4]
	at org.springframework.beans.factory.support.AbstractBeanFactory.doGetBean(AbstractBeanFactory.java:322) ~[spring-beans-5.3.4.jar:5.3.4]
	at org.springframework.beans.factory.support.AbstractBeanFactory.getBean(AbstractBeanFactory.java:208) ~[spring-beans-5.3.4.jar:5.3.4]
	at org.springframework.context.support.AbstractApplicationContext.getBean(AbstractApplicationContext.java:1153) ~[spring-context-5.3.4.jar:5.3.4]
	at org.springframework.context.support.AbstractApplicationContext.finishBeanFactoryInitialization(AbstractApplicationContext.java:907) ~[spring-context-5.3.4.jar:5.3.4]
	at org.springframework.context.support.AbstractApplicationContext.refresh(AbstractApplicationContext.java:582) ~[spring-context-5.3.4.jar:5.3.4]
	at org.springframework.boot.SpringApplication.refresh(SpringApplication.java:767) ~[spring-boot-2.4.3.jar:2.4.3]
	at org.springframework.boot.SpringApplication.refresh(SpringApplication.java:759) ~[spring-boot-2.4.3.jar:2.4.3]
	at org.springframework.boot.SpringApplication.refreshContext(SpringApplication.java:426) ~[spring-boot-2.4.3.jar:2.4.3]
	at org.springframework.boot.SpringApplication.run(SpringApplication.java:326) ~[spring-boot-2.4.3.jar:2.4.3]
	at org.springframework.boot.test.context.SpringBootContextLoader.loadContext(SpringBootContextLoader.java:123) ~[spring-boot-test-2.4.3.jar:2.4.3]
	at org.springframework.test.context.cache.DefaultCacheAwareContextLoaderDelegate.loadContextInternal(DefaultCacheAwareContextLoaderDelegate.java:99) ~[spring-test-5.3.4.jar:5.3.4]
	at org.springframework.test.context.cache.DefaultCacheAwareContextLoaderDelegate.loadContext(DefaultCacheAwareContextLoaderDelegate.java:124) ~[spring-test-5.3.4.jar:5.3.4]
	... 90 common frames omitted
Caused by: org.flywaydb.core.internal.command.DbMigrate$FlywayMigrateException: 
Migration V1.4__CREATE_TABLES_FOR_QUESTION.sql failed
-----------------------------------------------------
SQL State  : 42001
Error Code : 42001
Message    : Syntax error in SQL statement "CREATE TABLE PUBLIC.QUESTION
(
    ID UUID PRIMARY KEY,
    NAME CHARACTER VARYING COLLATE[*] PG_CATALOG.""default"" NOT NULL,
    TITLE CHARACTER VARYING(500) COLLATE PG_CATALOG.""default"" NOT NULL,
    OPTIONA CHARACTER VARYING(500) COLLATE PG_CATALOG.""default"" NOT NULL,
    OPTIONB CHARACTER VARYING(500) COLLATE PG_CATALOG.""default"" NOT NULL,
    OPTIONC CHARACTER VARYING(500) COLLATE PG_CATALOG.""default"" NOT NULL,
    OPTIOND CHARACTER VARYING(500) COLLATE PG_CATALOG.""default"" NOT NULL,
    CORRECT_OPTION CHARACTER VARYING(10) COLLATE PG_CATALOG.""default"" NOT NULL,
    EXPLANATION CHARACTER VARYING(500) COLLATE PG_CATALOG.""default"" NOT NULL,
    CATEGORY CHARACTER VARYING(50) COLLATE PG_CATALOG.""default"" NOT NULL

)"; expected "(, FOR, UNSIGNED, INVISIBLE, VISIBLE, NOT, NULL, AS, DEFAULT, GENERATED, ON, NOT, NULL, AUTO_INCREMENT, BIGSERIAL, SERIAL, IDENTITY, NULL_TO_DEFAULT, SEQUENCE, SELECTIVITY, COMMENT, CONSTRAINT, PRIMARY, UNIQUE, NOT, NULL, COMMENT, CHECK, REFERENCES, ,, )"; SQL statement:
CREATE TABLE public.question
(
    id UUID primary key,
    name character varying COLLATE pg_catalog."default" NOT NULL,
    title character varying(500) COLLATE pg_catalog."default" NOT NULL,
    OptionA character varying(500) COLLATE pg_catalog."default" NOT NULL,
    OptionB character varying(500) COLLATE pg_catalog."default" NOT NULL,
    OptionC character varying(500) COLLATE pg_catalog."default" NOT NULL,
    OptionD character varying(500) COLLATE pg_catalog."default" NOT NULL,
    correct_option character varying(10) COLLATE pg_catalog."default" NOT NULL,
    explanation character varying(500) COLLATE pg_catalog."default" NOT NULL,
    category character varying(50) COLLATE pg_catalog."default" NOT NULL

) [42001-200]
Location   : db/migration/V1.4__CREATE_TABLES_FOR_QUESTION.sql (/Users/elton/Downloads/webFullStack/project3/online_backend/redo_API_OA_60/build/resources/main/db/migration/V1.4__CREATE_TABLES_FOR_QUESTION.sql)
Line       : 2
Statement  : CREATE TABLE public.question
(
    id UUID primary key,
    name character varying COLLATE pg_catalog."default" NOT NULL,
    title character varying(500) COLLATE pg_catalog."default" NOT NULL,
    OptionA character varying(500) COLLATE pg_catalog."default" NOT NULL,
    OptionB character varying(500) COLLATE pg_catalog."default" NOT NULL,
    OptionC character varying(500) COLLATE pg_catalog."default" NOT NULL,
    OptionD character varying(500) COLLATE pg_catalog."default" NOT NULL,
    correct_option character varying(10) COLLATE pg_catalog."default" NOT NULL,
    explanation character varying(500) COLLATE pg_catalog."default" NOT NULL,
    category character varying(50) COLLATE pg_catalog."default" NOT NULL

)

	at org.flywaydb.core.internal.command.DbMigrate.doMigrateGroup(DbMigrate.java:424) ~[flyway-core-7.6.0.jar:na]
	at org.flywaydb.core.internal.command.DbMigrate.access$200(DbMigrate.java:56) ~[flyway-core-7.6.0.jar:na]
	at org.flywaydb.core.internal.command.DbMigrate$3.call(DbMigrate.java:328) ~[flyway-core-7.6.0.jar:na]
	at org.flywaydb.core.internal.jdbc.TransactionalExecutionTemplate.execute(TransactionalExecutionTemplate.java:66) ~[flyway-core-7.6.0.jar:na]
	at org.flywaydb.core.internal.command.DbMigrate.applyMigrations(DbMigrate.java:325) ~[flyway-core-7.6.0.jar:na]
	at org.flywaydb.core.internal.command.DbMigrate.migrateGroup(DbMigrate.java:290) ~[flyway-core-7.6.0.jar:na]
	at org.flywaydb.core.internal.command.DbMigrate.access$100(DbMigrate.java:56) ~[flyway-core-7.6.0.jar:na]
	at org.flywaydb.core.internal.command.DbMigrate$2.call(DbMigrate.java:194) ~[flyway-core-7.6.0.jar:na]
	at org.flywaydb.core.internal.command.DbMigrate$2.call(DbMigrate.java:191) ~[flyway-core-7.6.0.jar:na]
	at org.flywaydb.core.internal.jdbc.TableLockingExecutionTemplate$1.call(TableLockingExecutionTemplate.java:38) ~[flyway-core-7.6.0.jar:na]
	at org.flywaydb.core.internal.jdbc.TransactionalExecutionTemplate.execute(TransactionalExecutionTemplate.java:66) ~[flyway-core-7.6.0.jar:na]
	at org.flywaydb.core.internal.jdbc.TableLockingExecutionTemplate.execute(TableLockingExecutionTemplate.java:33) ~[flyway-core-7.6.0.jar:na]
	at org.flywaydb.core.internal.database.base.Connection.lock(Connection.java:103) ~[flyway-core-7.6.0.jar:na]
	at org.flywaydb.core.internal.schemahistory.JdbcTableSchemaHistory.lock(JdbcTableSchemaHistory.java:141) ~[flyway-core-7.6.0.jar:na]
	at org.flywaydb.core.internal.command.DbMigrate.migrateAll(DbMigrate.java:191) ~[flyway-core-7.6.0.jar:na]
	at org.flywaydb.core.internal.command.DbMigrate.migrate(DbMigrate.java:152) ~[flyway-core-7.6.0.jar:na]
	at org.flywaydb.core.Flyway$1.execute(Flyway.java:216) ~[flyway-core-7.6.0.jar:na]
	at org.flywaydb.core.Flyway$1.execute(Flyway.java:165) ~[flyway-core-7.6.0.jar:na]
	at org.flywaydb.core.Flyway.execute(Flyway.java:570) ~[flyway-core-7.6.0.jar:na]
	at org.flywaydb.core.Flyway.migrate(Flyway.java:165) ~[flyway-core-7.6.0.jar:na]
	at org.springframework.boot.autoconfigure.flyway.FlywayMigrationInitializer.afterPropertiesSet(FlywayMigrationInitializer.java:66) ~[spring-boot-autoconfigure-2.4.3.jar:2.4.3]
	at org.springframework.beans.factory.support.AbstractAutowireCapableBeanFactory.invokeInitMethods(AbstractAutowireCapableBeanFactory.java:1845) ~[spring-beans-5.3.4.jar:5.3.4]
	at org.springframework.beans.factory.support.AbstractAutowireCapableBeanFactory.initializeBean(AbstractAutowireCapableBeanFactory.java:1782) ~[spring-beans-5.3.4.jar:5.3.4]
	... 108 common frames omitted
Caused by: org.flywaydb.core.internal.sqlscript.FlywaySqlScriptException: 
Migration V1.4__CREATE_TABLES_FOR_QUESTION.sql failed
-----------------------------------------------------
SQL State  : 42001
Error Code : 42001
Message    : Syntax error in SQL statement "CREATE TABLE PUBLIC.QUESTION
(
    ID UUID PRIMARY KEY,
    NAME CHARACTER VARYING COLLATE[*] PG_CATALOG.""default"" NOT NULL,
    TITLE CHARACTER VARYING(500) COLLATE PG_CATALOG.""default"" NOT NULL,
    OPTIONA CHARACTER VARYING(500) COLLATE PG_CATALOG.""default"" NOT NULL,
    OPTIONB CHARACTER VARYING(500) COLLATE PG_CATALOG.""default"" NOT NULL,
    OPTIONC CHARACTER VARYING(500) COLLATE PG_CATALOG.""default"" NOT NULL,
    OPTIOND CHARACTER VARYING(500) COLLATE PG_CATALOG.""default"" NOT NULL,
    CORRECT_OPTION CHARACTER VARYING(10) COLLATE PG_CATALOG.""default"" NOT NULL,
    EXPLANATION CHARACTER VARYING(500) COLLATE PG_CATALOG.""default"" NOT NULL,
    CATEGORY CHARACTER VARYING(50) COLLATE PG_CATALOG.""default"" NOT NULL

)"; expected "(, FOR, UNSIGNED, INVISIBLE, VISIBLE, NOT, NULL, AS, DEFAULT, GENERATED, ON, NOT, NULL, AUTO_INCREMENT, BIGSERIAL, SERIAL, IDENTITY, NULL_TO_DEFAULT, SEQUENCE, SELECTIVITY, COMMENT, CONSTRAINT, PRIMARY, UNIQUE, NOT, NULL, COMMENT, CHECK, REFERENCES, ,, )"; SQL statement:
CREATE TABLE public.question
(
    id UUID primary key,
    name character varying COLLATE pg_catalog."default" NOT NULL,
    title character varying(500) COLLATE pg_catalog."default" NOT NULL,
    OptionA character varying(500) COLLATE pg_catalog."default" NOT NULL,
    OptionB character varying(500) COLLATE pg_catalog."default" NOT NULL,
    OptionC character varying(500) COLLATE pg_catalog."default" NOT NULL,
    OptionD character varying(500) COLLATE pg_catalog."default" NOT NULL,
    correct_option character varying(10) COLLATE pg_catalog."default" NOT NULL,
    explanation character varying(500) COLLATE pg_catalog."default" NOT NULL,
    category character varying(50) COLLATE pg_catalog."default" NOT NULL

) [42001-200]
Location   : db/migration/V1.4__CREATE_TABLES_FOR_QUESTION.sql (/Users/elton/Downloads/webFullStack/project3/online_backend/redo_API_OA_60/build/resources/main/db/migration/V1.4__CREATE_TABLES_FOR_QUESTION.sql)
Line       : 2
Statement  : CREATE TABLE public.question
(
    id UUID primary key,
    name character varying COLLATE pg_catalog."default" NOT NULL,
    title character varying(500) COLLATE pg_catalog."default" NOT NULL,
    OptionA character varying(500) COLLATE pg_catalog."default" NOT NULL,
    OptionB character varying(500) COLLATE pg_catalog."default" NOT NULL,
    OptionC character varying(500) COLLATE pg_catalog."default" NOT NULL,
    OptionD character varying(500) COLLATE pg_catalog."default" NOT NULL,
    correct_option character varying(10) COLLATE pg_catalog."default" NOT NULL,
    explanation character varying(500) COLLATE pg_catalog."default" NOT NULL,
    category character varying(50) COLLATE pg_catalog."default" NOT NULL

)

	at org.flywaydb.core.internal.sqlscript.DefaultSqlScriptExecutor.handleException(DefaultSqlScriptExecutor.java:273) ~[flyway-core-7.6.0.jar:na]
	at org.flywaydb.core.internal.sqlscript.DefaultSqlScriptExecutor.executeStatement(DefaultSqlScriptExecutor.java:218) ~[flyway-core-7.6.0.jar:na]
	at org.flywaydb.core.internal.sqlscript.DefaultSqlScriptExecutor.execute(DefaultSqlScriptExecutor.java:126) ~[flyway-core-7.6.0.jar:na]
	at org.flywaydb.core.internal.resolver.sql.SqlMigrationExecutor.executeOnce(SqlMigrationExecutor.java:78) ~[flyway-core-7.6.0.jar:na]
	at org.flywaydb.core.internal.resolver.sql.SqlMigrationExecutor.lambda$execute$0(SqlMigrationExecutor.java:67) ~[flyway-core-7.6.0.jar:na]
	at org.flywaydb.core.internal.database.DefaultExecutionStrategy.execute(DefaultExecutionStrategy.java:27) ~[flyway-core-7.6.0.jar:na]
	at org.flywaydb.core.internal.resolver.sql.SqlMigrationExecutor.execute(SqlMigrationExecutor.java:66) ~[flyway-core-7.6.0.jar:na]
	at org.flywaydb.core.internal.command.DbMigrate.doMigrateGroup(DbMigrate.java:421) ~[flyway-core-7.6.0.jar:na]
	... 130 common frames omitted
Caused by: org.h2.jdbc.JdbcSQLSyntaxErrorException: Syntax error in SQL statement "CREATE TABLE PUBLIC.QUESTION
(
    ID UUID PRIMARY KEY,
    NAME CHARACTER VARYING COLLATE[*] PG_CATALOG.""default"" NOT NULL,
    TITLE CHARACTER VARYING(500) COLLATE PG_CATALOG.""default"" NOT NULL,
    OPTIONA CHARACTER VARYING(500) COLLATE PG_CATALOG.""default"" NOT NULL,
    OPTIONB CHARACTER VARYING(500) COLLATE PG_CATALOG.""default"" NOT NULL,
    OPTIONC CHARACTER VARYING(500) COLLATE PG_CATALOG.""default"" NOT NULL,
    OPTIOND CHARACTER VARYING(500) COLLATE PG_CATALOG.""default"" NOT NULL,
    CORRECT_OPTION CHARACTER VARYING(10) COLLATE PG_CATALOG.""default"" NOT NULL,
    EXPLANATION CHARACTER VARYING(500) COLLATE PG_CATALOG.""default"" NOT NULL,
    CATEGORY CHARACTER VARYING(50) COLLATE PG_CATALOG.""default"" NOT NULL

)"; expected "(, FOR, UNSIGNED, INVISIBLE, VISIBLE, NOT, NULL, AS, DEFAULT, GENERATED, ON, NOT, NULL, AUTO_INCREMENT, BIGSERIAL, SERIAL, IDENTITY, NULL_TO_DEFAULT, SEQUENCE, SELECTIVITY, COMMENT, CONSTRAINT, PRIMARY, UNIQUE, NOT, NULL, COMMENT, CHECK, REFERENCES, ,, )"; SQL statement:
CREATE TABLE public.question
(
    id UUID primary key,
    name character varying COLLATE pg_catalog."default" NOT NULL,
    title character varying(500) COLLATE pg_catalog."default" NOT NULL,
    OptionA character varying(500) COLLATE pg_catalog."default" NOT NULL,
    OptionB character varying(500) COLLATE pg_catalog."default" NOT NULL,
    OptionC character varying(500) COLLATE pg_catalog."default" NOT NULL,
    OptionD character varying(500) COLLATE pg_catalog."default" NOT NULL,
    correct_option character varying(10) COLLATE pg_catalog."default" NOT NULL,
    explanation character varying(500) COLLATE pg_catalog."default" NOT NULL,
    category character varying(50) COLLATE pg_catalog."default" NOT NULL

) [42001-200]
	at org.h2.message.DbException.getJdbcSQLException(DbException.java:453) ~[h2-1.4.200.jar:1.4.200]
	at org.h2.message.DbException.getJdbcSQLException(DbException.java:429) ~[h2-1.4.200.jar:1.4.200]
	at org.h2.message.DbException.getSyntaxError(DbException.java:243) ~[h2-1.4.200.jar:1.4.200]
	at org.h2.command.Parser.getSyntaxError(Parser.java:1053) ~[h2-1.4.200.jar:1.4.200]
	at org.h2.command.Parser.read(Parser.java:4995) ~[h2-1.4.200.jar:1.4.200]
	at org.h2.command.Parser.readIfMore(Parser.java:1462) ~[h2-1.4.200.jar:1.4.200]
	at org.h2.command.Parser.parseCreateTable(Parser.java:8380) ~[h2-1.4.200.jar:1.4.200]
	at org.h2.command.Parser.parseCreate(Parser.java:6276) ~[h2-1.4.200.jar:1.4.200]
	at org.h2.command.Parser.parsePrepared(Parser.java:903) ~[h2-1.4.200.jar:1.4.200]
	at org.h2.command.Parser.parse(Parser.java:843) ~[h2-1.4.200.jar:1.4.200]
	at org.h2.command.Parser.parse(Parser.java:819) ~[h2-1.4.200.jar:1.4.200]
	at org.h2.command.Parser.prepareCommand(Parser.java:738) ~[h2-1.4.200.jar:1.4.200]
	at org.h2.engine.Session.prepareLocal(Session.java:657) ~[h2-1.4.200.jar:1.4.200]
	at org.h2.engine.Session.prepareCommand(Session.java:595) ~[h2-1.4.200.jar:1.4.200]
	at org.h2.jdbc.JdbcConnection.prepareCommand(JdbcConnection.java:1235) ~[h2-1.4.200.jar:1.4.200]
	at org.h2.jdbc.JdbcStatement.executeInternal(JdbcStatement.java:212) ~[h2-1.4.200.jar:1.4.200]
	at org.h2.jdbc.JdbcStatement.execute(JdbcStatement.java:201) ~[h2-1.4.200.jar:1.4.200]
	at com.zaxxer.hikari.pool.ProxyStatement.execute(ProxyStatement.java:95) ~[HikariCP-3.4.5.jar:na]
	at com.zaxxer.hikari.pool.HikariProxyStatement.execute(HikariProxyStatement.java) ~[HikariCP-3.4.5.jar:na]
	at org.flywaydb.core.internal.jdbc.JdbcTemplate.executeStatement(JdbcTemplate.java:241) ~[flyway-core-7.6.0.jar:na]
	at org.flywaydb.core.internal.sqlscript.ParsedSqlStatement.execute(ParsedSqlStatement.java:111) ~[flyway-core-7.6.0.jar:na]
	at org.flywaydb.core.internal.sqlscript.DefaultSqlScriptExecutor.executeStatement(DefaultSqlScriptExecutor.java:206) ~[flyway-core-7.6.0.jar:na]
	... 136 common frames omitted

]]></system-out>
  <system-err><![CDATA[]]></system-err>
</testsuite>
